This is XeTeX, Version 3.14159265-2.6-0.99992 (MiKTeX 2.9 64-bit) (preloaded format=xelatex 2015.9.1)  3 SEP 2015 16:34
entering extended mode
**"ScottGleason PhDThesis.tex"
("ScottGleason PhDThesis.tex"
LaTeX2e <2015/01/01> patch level 2
Babel <3.9m> and hyphenation patterns for 69 languages loaded.
("C:\Program Files\MiKTeX 2.9\tex\latex\base\report.cls"
Document Class: report 2014/09/29 v1.4h Standard LaTeX document class
("C:\Program Files\MiKTeX 2.9\tex\latex\base\size12.clo"
File: size12.clo 2014/09/29 v1.4h Standard LaTeX file (size option)
Requested font "cmr12" at 12.0pt
)
\c@part=\count80
\c@chapter=\count81
\c@section=\count82
\c@subsection=\count83
\c@subsubsection=\count84
\c@paragraph=\count85
\c@subparagraph=\count86
\c@figure=\count87
\c@table=\count88
\abovecaptionskip=\skip41
\belowcaptionskip=\skip42
\bibindent=\dimen102
)
("C:\Program Files\MiKTeX 2.9\tex\latex\tools\indentfirst.sty"
Package: indentfirst 1995/11/23 v1.03 Indent first paragraph (DPC)
)
("C:\Program Files\MiKTeX 2.9\tex\latex\geometry\geometry.sty"
Package: geometry 2010/09/12 v5.6 Page Geometry

("C:\Program Files\MiKTeX 2.9\tex\latex\graphics\keyval.sty"
Package: keyval 2014/10/28 v1.15 key=value parser (DPC)
\KV@toks@=\toks14
)
("C:\Program Files\MiKTeX 2.9\tex\generic\oberdiek\ifpdf.sty"
Package: ifpdf 2011/01/30 v2.3 Provides the ifpdf switch (HO)
Package ifpdf Info: pdfTeX in PDF mode is not detected.
)
("C:\Program Files\MiKTeX 2.9\tex\generic\oberdiek\ifvtex.sty"
Package: ifvtex 2010/03/01 v1.5 Detect VTeX and its facilities (HO)
Package ifvtex Info: VTeX not detected.
)
("C:\Program Files\MiKTeX 2.9\tex\generic\ifxetex\ifxetex.sty"
Package: ifxetex 2010/09/12 v0.6 Provides ifxetex conditional
)
\Gm@cnth=\count89
\Gm@cntv=\count90
\c@Gm@tempcnt=\count91
\Gm@bindingoffset=\dimen103
\Gm@wd@mp=\dimen104
\Gm@odd@mp=\dimen105
\Gm@even@mp=\dimen106
\Gm@layoutwidth=\dimen107
\Gm@layoutheight=\dimen108
\Gm@layouthoffset=\dimen109
\Gm@layoutvoffset=\dimen110
\Gm@dimlist=\toks15

("C:\Program Files\MiKTeX 2.9\tex\xelatex\xetexconfig\geometry.cfg"))
("C:\Program Files\MiKTeX 2.9\tex\latex\base\fontenc.sty"
Package: fontenc 2005/09/27 v1.99g Standard LaTeX package

("C:\Program Files\MiKTeX 2.9\tex\latex\base\t1enc.def"
File: t1enc.def 2005/09/27 v1.99g Standard LaTeX file
LaTeX Font Info:    Redeclaring font encoding T1 on input line 48.
)
Requested font "ecrm1200" at 12.0pt
)
("C:\Program Files\MiKTeX 2.9\tex\latex\hyphenat\hyphenat.sty"
Package: hyphenat 2009/09/02 v2.3c hyphenation utilities
\langwohyphens=\language70
LaTeX Info: Redefining \_ on input line 43.
)
("C:\Program Files\MiKTeX 2.9\tex\latex\setspace\setspace.sty"
Package: setspace 2011/12/19 v6.7a set line spacing
)
("C:\Program Files\MiKTeX 2.9\tex\latex\graphics\graphicx.sty"
Package: graphicx 2014/10/28 v1.0g Enhanced LaTeX Graphics (DPC,SPQR)

("C:\Program Files\MiKTeX 2.9\tex\latex\graphics\graphics.sty"
Package: graphics 2014/10/28 v1.0p Standard LaTeX Graphics (DPC,SPQR)

("C:\Program Files\MiKTeX 2.9\tex\latex\graphics\trig.sty"
Package: trig 1999/03/16 v1.09 sin cos tan (DPC)
)
("C:\Program Files\MiKTeX 2.9\tex\latex\00miktex\graphics.cfg"
File: graphics.cfg 2007/01/18 v1.5 graphics configuration of teTeX/TeXLive
)
Package graphics Info: Driver file: xetex.def on input line 94.

("C:\Program Files\MiKTeX 2.9\tex\xelatex\xetex-def\xetex.def"
File: xetex.def 2015/03/25 v4.04 LaTeX color/graphics driver for XeTeX (TeX Liv
e/RRM/JK)
))
\Gin@req@height=\dimen111
\Gin@req@width=\dimen112
)
("C:\Program Files\MiKTeX 2.9\tex\latex\caption\caption.sty"
Package: caption 2013/05/02 v3.3-89 Customizing captions (AR)

("C:\Program Files\MiKTeX 2.9\tex\latex\caption\caption3.sty"
Package: caption3 2013/05/02 v1.6-88 caption3 kernel (AR)
Package caption3 Info: TeX engine: e-TeX on input line 57.
\captionmargin=\dimen113
\captionmargin@=\dimen114
\captionwidth=\dimen115
\caption@tempdima=\dimen116
\caption@indent=\dimen117
\caption@parindent=\dimen118
\caption@hangindent=\dimen119
)
\c@ContinuedFloat=\count92
)
("C:\Program Files\MiKTeX 2.9\tex\latex\caption\subcaption.sty"
Package: subcaption 2013/02/03 v1.1-62 Sub-captions (AR)
\c@subfigure=\count93
\c@subtable=\count94
)
("C:\Program Files\MiKTeX 2.9\tex\latex\placeins\placeins.sty"
Package: placeins 2005/04/18  v 2.2
)
("C:\Program Files\MiKTeX 2.9\tex\latex\float\float.sty"
Package: float 2001/11/08 v1.3d Float enhancements (AL)
\c@float@type=\count95
\float@exts=\toks16
\float@box=\box26
\@float@everytoks=\toks17
\@floatcapt=\box27
)
("C:\Program Files\MiKTeX 2.9\tex\latex\todonotes\todonotes.sty"
Package: todonotes 2015/07/09 .dtx Todonotes source and documentation.
Package: todonotes 2012/07/25

("C:\Program Files\MiKTeX 2.9\tex\latex\base\ifthen.sty"
Package: ifthen 2014/09/29 v1.1c Standard LaTeX ifthen package (DPC)
)
("C:\Program Files\MiKTeX 2.9\tex\latex\xkeyval\xkeyval.sty"
Package: xkeyval 2014/12/03 v2.7a package option processing (HA)

("C:\Program Files\MiKTeX 2.9\tex\generic\xkeyval\xkeyval.tex"
("C:\Program Files\MiKTeX 2.9\tex\generic\xkeyval\xkvutils.tex"
\XKV@toks=\toks18
\XKV@tempa@toks=\toks19
)
\XKV@depth=\count96
File: xkeyval.tex 2014/12/03 v2.7a key=value parser (HA)
))
("C:\Program Files\MiKTeX 2.9\tex\latex\xcolor\xcolor.sty"
Package: xcolor 2007/01/21 v2.11 LaTeX color extensions (UK)

("C:\Program Files\MiKTeX 2.9\tex\latex\00miktex\color.cfg"
File: color.cfg 2007/01/18 v1.5 color configuration of teTeX/TeXLive
)
Package xcolor Info: Driver file: xetex.def on input line 225.
Package xcolor Info: Model `cmy' substituted by `cmy0' on input line 1337.
Package xcolor Info: Model `RGB' extended on input line 1353.
Package xcolor Info: Model `HTML' substituted by `rgb' on input line 1355.
Package xcolor Info: Model `Hsb' substituted by `hsb' on input line 1356.
Package xcolor Info: Model `tHsb' substituted by `hsb' on input line 1357.
Package xcolor Info: Model `HSB' substituted by `hsb' on input line 1358.
Package xcolor Info: Model `Gray' substituted by `gray' on input line 1359.
Package xcolor Info: Model `wave' substituted by `hsb' on input line 1360.
)
("C:\Program Files\MiKTeX 2.9\tex\latex\pgf\frontendlayer\tikz.sty"
("C:\Program Files\MiKTeX 2.9\tex\latex\pgf\basiclayer\pgf.sty"
("C:\Program Files\MiKTeX 2.9\tex\latex\pgf\utilities\pgfrcs.sty"
("C:\Program Files\MiKTeX 2.9\tex\generic\pgf\utilities\pgfutil-common.tex"
\pgfutil@everybye=\toks20
\pgfutil@tempdima=\dimen120
\pgfutil@tempdimb=\dimen121

("C:\Program Files\MiKTeX 2.9\tex\generic\pgf\utilities\pgfutil-common-lists.te
x")) ("C:\Program Files\MiKTeX 2.9\tex\generic\pgf\utilities\pgfutil-latex.def"
\pgfutil@abb=\box28
("C:\Program Files\MiKTeX 2.9\tex\latex\ms\everyshi.sty"
Package: everyshi 2001/05/15 v3.00 EveryShipout Package (MS)
))
("C:\Program Files\MiKTeX 2.9\tex\generic\pgf\utilities\pgfrcs.code.tex"
Package: pgfrcs 2015/08/07 v3.0.1 (rcs-revision 1.31)
))
Package: pgf 2015/08/07 v3.0.1 (rcs-revision 1.15)

("C:\Program Files\MiKTeX 2.9\tex\latex\pgf\basiclayer\pgfcore.sty"
("C:\Program Files\MiKTeX 2.9\tex\latex\pgf\systemlayer\pgfsys.sty"
("C:\Program Files\MiKTeX 2.9\tex\generic\pgf\systemlayer\pgfsys.code.tex"
Package: pgfsys 2014/07/09 v3.0.1 (rcs-revision 1.48)

("C:\Program Files\MiKTeX 2.9\tex\generic\pgf\utilities\pgfkeys.code.tex"
\pgfkeys@pathtoks=\toks21
\pgfkeys@temptoks=\toks22

("C:\Program Files\MiKTeX 2.9\tex\generic\pgf\utilities\pgfkeysfiltered.code.te
x"
\pgfkeys@tmptoks=\toks23
))
\pgf@x=\dimen122
\pgf@y=\dimen123
\pgf@xa=\dimen124
\pgf@ya=\dimen125
\pgf@xb=\dimen126
\pgf@yb=\dimen127
\pgf@xc=\dimen128
\pgf@yc=\dimen129
\w@pgf@writea=\write3
\r@pgf@reada=\read1
\c@pgf@counta=\count97
\c@pgf@countb=\count98
\c@pgf@countc=\count99
\c@pgf@countd=\count100
\t@pgf@toka=\toks24
\t@pgf@tokb=\toks25
\t@pgf@tokc=\toks26
 ("C:\Program Files\MiKTeX 2.9\tex\generic\pgf\systemlayer\pgf.cfg"
File: pgf.cfg 2008/05/14  (rcs-revision 1.7)
)
Driver file for pgf: pgfsys-xetex.def

("C:\Program Files\MiKTeX 2.9\tex\generic\pgf\systemlayer\pgfsys-xetex.def"
File: pgfsys-xetex.def 2014/07/09  (rcs-revision 1.11)

("C:\Program Files\MiKTeX 2.9\tex\generic\pgf\systemlayer\pgfsys-dvipdfmx.def"
File: pgfsys-dvipdfmx.def 2014/07/09  (rcs-revision 1.14)

("C:\Program Files\MiKTeX 2.9\tex\generic\pgf\systemlayer\pgfsys-common-pdf.def
"
File: pgfsys-common-pdf.def 2013/10/10  (rcs-revision 1.13)
)
\pgfsys@objnum=\count101
)))
("C:\Program Files\MiKTeX 2.9\tex\generic\pgf\systemlayer\pgfsyssoftpath.code.t
ex"
File: pgfsyssoftpath.code.tex 2013/09/09  (rcs-revision 1.9)
\pgfsyssoftpath@smallbuffer@items=\count102
\pgfsyssoftpath@bigbuffer@items=\count103
)
("C:\Program Files\MiKTeX 2.9\tex\generic\pgf\systemlayer\pgfsysprotocol.code.t
ex"
File: pgfsysprotocol.code.tex 2006/10/16  (rcs-revision 1.4)
)) ("C:\Program Files\MiKTeX 2.9\tex\generic\pgf\basiclayer\pgfcore.code.tex"
Package: pgfcore 2010/04/11 v3.0.1 (rcs-revision 1.7)
 ("C:\Program Files\MiKTeX 2.9\tex\generic\pgf\math\pgfmath.code.tex"
("C:\Program Files\MiKTeX 2.9\tex\generic\pgf\math\pgfmathcalc.code.tex"
("C:\Program Files\MiKTeX 2.9\tex\generic\pgf\math\pgfmathutil.code.tex")
("C:\Program Files\MiKTeX 2.9\tex\generic\pgf\math\pgfmathparser.code.tex"
\pgfmath@dimen=\dimen130
\pgfmath@count=\count104
\pgfmath@box=\box29
\pgfmath@toks=\toks27
\pgfmath@stack@operand=\toks28
\pgfmath@stack@operation=\toks29
)
("C:\Program Files\MiKTeX 2.9\tex\generic\pgf\math\pgfmathfunctions.code.tex"
("C:\Program Files\MiKTeX 2.9\tex\generic\pgf\math\pgfmathfunctions.basic.code.
tex")
("C:\Program Files\MiKTeX 2.9\tex\generic\pgf\math\pgfmathfunctions.trigonometr
ic.code.tex")
("C:\Program Files\MiKTeX 2.9\tex\generic\pgf\math\pgfmathfunctions.random.code
.tex")
("C:\Program Files\MiKTeX 2.9\tex\generic\pgf\math\pgfmathfunctions.comparison.
code.tex")
("C:\Program Files\MiKTeX 2.9\tex\generic\pgf\math\pgfmathfunctions.base.code.t
ex")
("C:\Program Files\MiKTeX 2.9\tex\generic\pgf\math\pgfmathfunctions.round.code.
tex")
("C:\Program Files\MiKTeX 2.9\tex\generic\pgf\math\pgfmathfunctions.misc.code.t
ex")
("C:\Program Files\MiKTeX 2.9\tex\generic\pgf\math\pgfmathfunctions.integerarit
hmetics.code.tex")))
("C:\Program Files\MiKTeX 2.9\tex\generic\pgf\math\pgfmathfloat.code.tex"
\c@pgfmathroundto@lastzeros=\count105
))
("C:\Program Files\MiKTeX 2.9\tex\generic\pgf\basiclayer\pgfcorepoints.code.tex
"
File: pgfcorepoints.code.tex 2013/10/07  (rcs-revision 1.27)
\pgf@picminx=\dimen131
\pgf@picmaxx=\dimen132
\pgf@picminy=\dimen133
\pgf@picmaxy=\dimen134
\pgf@pathminx=\dimen135
\pgf@pathmaxx=\dimen136
\pgf@pathminy=\dimen137
\pgf@pathmaxy=\dimen138
\pgf@xx=\dimen139
\pgf@xy=\dimen140
\pgf@yx=\dimen141
\pgf@yy=\dimen142
\pgf@zx=\dimen143
\pgf@zy=\dimen144
)
("C:\Program Files\MiKTeX 2.9\tex\generic\pgf\basiclayer\pgfcorepathconstruct.c
ode.tex"
File: pgfcorepathconstruct.code.tex 2013/10/07  (rcs-revision 1.29)
\pgf@path@lastx=\dimen145
\pgf@path@lasty=\dimen146
)
("C:\Program Files\MiKTeX 2.9\tex\generic\pgf\basiclayer\pgfcorepathusage.code.
tex"
File: pgfcorepathusage.code.tex 2014/11/02  (rcs-revision 1.24)
\pgf@shorten@end@additional=\dimen147
\pgf@shorten@start@additional=\dimen148
)
("C:\Program Files\MiKTeX 2.9\tex\generic\pgf\basiclayer\pgfcorescopes.code.tex
"
File: pgfcorescopes.code.tex 2015/05/08  (rcs-revision 1.46)
\pgfpic=\box30
\pgf@hbox=\box31
\pgf@layerbox@main=\box32
\pgf@picture@serial@count=\count106
)
("C:\Program Files\MiKTeX 2.9\tex\generic\pgf\basiclayer\pgfcoregraphicstate.co
de.tex"
File: pgfcoregraphicstate.code.tex 2014/11/02  (rcs-revision 1.12)
\pgflinewidth=\dimen149
)
("C:\Program Files\MiKTeX 2.9\tex\generic\pgf\basiclayer\pgfcoretransformations
.code.tex"
File: pgfcoretransformations.code.tex 2015/08/07  (rcs-revision 1.20)
\pgf@pt@x=\dimen150
\pgf@pt@y=\dimen151
\pgf@pt@temp=\dimen152
)
("C:\Program Files\MiKTeX 2.9\tex\generic\pgf\basiclayer\pgfcorequick.code.tex"
File: pgfcorequick.code.tex 2008/10/09  (rcs-revision 1.3)
)
("C:\Program Files\MiKTeX 2.9\tex\generic\pgf\basiclayer\pgfcoreobjects.code.te
x"
File: pgfcoreobjects.code.tex 2006/10/11  (rcs-revision 1.2)
)
("C:\Program Files\MiKTeX 2.9\tex\generic\pgf\basiclayer\pgfcorepathprocessing.
code.tex"
File: pgfcorepathprocessing.code.tex 2013/09/09  (rcs-revision 1.9)
)
("C:\Program Files\MiKTeX 2.9\tex\generic\pgf\basiclayer\pgfcorearrows.code.tex
"
File: pgfcorearrows.code.tex 2015/05/14  (rcs-revision 1.43)
\pgfarrowsep=\dimen153
)
("C:\Program Files\MiKTeX 2.9\tex\generic\pgf\basiclayer\pgfcoreshade.code.tex"
File: pgfcoreshade.code.tex 2013/07/15  (rcs-revision 1.15)
\pgf@max=\dimen154
\pgf@sys@shading@range@num=\count107
) ("C:\Program Files\MiKTeX 2.9\tex\generic\pgf\basiclayer\pgfcoreimage.code.te
x"
File: pgfcoreimage.code.tex 2013/07/15  (rcs-revision 1.18)

("C:\Program Files\MiKTeX 2.9\tex\generic\pgf\basiclayer\pgfcoreexternal.code.t
ex"
File: pgfcoreexternal.code.tex 2014/07/09  (rcs-revision 1.21)
\pgfexternal@startupbox=\box33
))
("C:\Program Files\MiKTeX 2.9\tex\generic\pgf\basiclayer\pgfcorelayers.code.tex
"
File: pgfcorelayers.code.tex 2013/07/18  (rcs-revision 1.7)
)
("C:\Program Files\MiKTeX 2.9\tex\generic\pgf\basiclayer\pgfcoretransparency.co
de.tex"
File: pgfcoretransparency.code.tex 2013/09/30  (rcs-revision 1.5)
)
("C:\Program Files\MiKTeX 2.9\tex\generic\pgf\basiclayer\pgfcorepatterns.code.t
ex"
File: pgfcorepatterns.code.tex 2013/11/07  (rcs-revision 1.5)
)))
("C:\Program Files\MiKTeX 2.9\tex\generic\pgf\modules\pgfmoduleshapes.code.tex"
File: pgfmoduleshapes.code.tex 2014/03/21  (rcs-revision 1.35)
\pgfnodeparttextbox=\box34
) ("C:\Program Files\MiKTeX 2.9\tex\generic\pgf\modules\pgfmoduleplot.code.tex"
File: pgfmoduleplot.code.tex 2015/08/03  (rcs-revision 1.13)
)
("C:\Program Files\MiKTeX 2.9\tex\latex\pgf\compatibility\pgfcomp-version-0-65.
sty"
Package: pgfcomp-version-0-65 2007/07/03 v3.0.1 (rcs-revision 1.7)
\pgf@nodesepstart=\dimen155
\pgf@nodesepend=\dimen156
)
("C:\Program Files\MiKTeX 2.9\tex\latex\pgf\compatibility\pgfcomp-version-1-18.
sty"
Package: pgfcomp-version-1-18 2007/07/23 v3.0.1 (rcs-revision 1.1)
)) ("C:\Program Files\MiKTeX 2.9\tex\latex\pgf\utilities\pgffor.sty"
("C:\Program Files\MiKTeX 2.9\tex\latex\pgf\utilities\pgfkeys.sty"
("C:\Program Files\MiKTeX 2.9\tex\generic\pgf\utilities\pgfkeys.code.tex"))
("C:\Program Files\MiKTeX 2.9\tex\latex\pgf\math\pgfmath.sty"
("C:\Program Files\MiKTeX 2.9\tex\generic\pgf\math\pgfmath.code.tex"))
("C:\Program Files\MiKTeX 2.9\tex\generic\pgf\utilities\pgffor.code.tex"
Package: pgffor 2013/12/13 v3.0.1 (rcs-revision 1.25)

("C:\Program Files\MiKTeX 2.9\tex\generic\pgf\math\pgfmath.code.tex")
\pgffor@iter=\dimen157
\pgffor@skip=\dimen158
\pgffor@stack=\toks30
\pgffor@toks=\toks31
))
("C:\Program Files\MiKTeX 2.9\tex\generic\pgf\frontendlayer\tikz\tikz.code.tex"
Package: tikz 2015/08/07 v3.0.1 (rcs-revision 1.151)

("C:\Program Files\MiKTeX 2.9\tex\generic\pgf\libraries\pgflibraryplothandlers.
code.tex"
File: pgflibraryplothandlers.code.tex 2013/08/31 v3.0.1 (rcs-revision 1.20)
\pgf@plot@mark@count=\count108
\pgfplotmarksize=\dimen159
)
\tikz@lastx=\dimen160
\tikz@lasty=\dimen161
\tikz@lastxsaved=\dimen162
\tikz@lastysaved=\dimen163
\tikzleveldistance=\dimen164
\tikzsiblingdistance=\dimen165
\tikz@figbox=\box35
\tikz@figbox@bg=\box36
\tikz@tempbox=\box37
\tikz@tempbox@bg=\box38
\tikztreelevel=\count109
\tikznumberofchildren=\count110
\tikznumberofcurrentchild=\count111
\tikz@fig@count=\count112

("C:\Program Files\MiKTeX 2.9\tex\generic\pgf\modules\pgfmodulematrix.code.tex"
File: pgfmodulematrix.code.tex 2013/09/17  (rcs-revision 1.8)
\pgfmatrixcurrentrow=\count113
\pgfmatrixcurrentcolumn=\count114
\pgf@matrix@numberofcolumns=\count115
)
\tikz@expandcount=\count116

("C:\Program Files\MiKTeX 2.9\tex\generic\pgf\frontendlayer\tikz\libraries\tikz
librarytopaths.code.tex"
File: tikzlibrarytopaths.code.tex 2008/06/17 v3.0.1 (rcs-revision 1.2)
)))
("C:\Program Files\MiKTeX 2.9\tex\generic\pgf\frontendlayer\tikz\libraries\tikz
librarypositioning.code.tex"
File: tikzlibrarypositioning.code.tex 2008/10/06 v3.0.1 (rcs-revision 1.7)
)
("C:\Program Files\MiKTeX 2.9\tex\latex\tools\calc.sty"
Package: calc 2014/10/28 v4.3 Infix arithmetic (KKT,FJ)
\calc@Acount=\count117
\calc@Bcount=\count118
\calc@Adimen=\dimen166
\calc@Bdimen=\dimen167
\calc@Askip=\skip43
\calc@Bskip=\skip44
LaTeX Info: Redefining \setlength on input line 80.
LaTeX Info: Redefining \addtolength on input line 81.
\calc@Ccount=\count119
\calc@Cskip=\skip45
)
\c@@todonotes@numberoftodonotes=\count120
)
("C:\Program Files\MiKTeX 2.9\tex\latex\hyperref\hyperref.sty"
Package: hyperref 2012/11/06 v6.83m Hypertext links for LaTeX

("C:\Program Files\MiKTeX 2.9\tex\generic\oberdiek\hobsub-hyperref.sty"
Package: hobsub-hyperref 2012/04/25 v1.12 Bundle oberdiek, subset hyperref (HO)


("C:\Program Files\MiKTeX 2.9\tex\generic\oberdiek\hobsub-generic.sty"
Package: hobsub-generic 2012/04/25 v1.12 Bundle oberdiek, subset generic (HO)
Package: hobsub 2012/04/25 v1.12 Construct package bundles (HO)
Package: infwarerr 2010/04/08 v1.3 Providing info/warning/error messages (HO)
Package: ltxcmds 2011/11/09 v1.22 LaTeX kernel commands for general use (HO)
Package: ifluatex 2010/03/01 v1.3 Provides the ifluatex switch (HO)
Package ifluatex Info: LuaTeX not detected.
Package hobsub Info: Skipping package `ifvtex' (already loaded).
Package: intcalc 2007/09/27 v1.1 Expandable calculations with integers (HO)
Package hobsub Info: Skipping package `ifpdf' (already loaded).
Package: etexcmds 2011/02/16 v1.5 Avoid name clashes with e-TeX commands (HO)
Package etexcmds Info: Could not find \expanded.
(etexcmds)             That can mean that you are not using pdfTeX 1.50 or
(etexcmds)             that some package has redefined \expanded.
(etexcmds)             In the latter case, load this package earlier.
Package: kvsetkeys 2012/04/25 v1.16 Key value parser (HO)
Package: kvdefinekeys 2011/04/07 v1.3 Define keys (HO)
Package: pdftexcmds 2011/11/29 v0.20 Utility functions of pdfTeX for LuaTeX (HO
)
Package pdftexcmds Info: LuaTeX not detected.
Package pdftexcmds Info: pdfTeX >= 1.30 not detected.
Package pdftexcmds Info: \pdf@primitive is available.
Package pdftexcmds Info: \pdf@ifprimitive is available.
Package pdftexcmds Info: \pdfdraftmode not found.
Package: pdfescape 2011/11/25 v1.13 Implements pdfTeX's escape features (HO)
Package: bigintcalc 2012/04/08 v1.3 Expandable calculations on big integers (HO
)
Package: bitset 2011/01/30 v1.1 Handle bit-vector datatype (HO)
Package: uniquecounter 2011/01/30 v1.2 Provide unlimited unique counter (HO)
)
Package hobsub Info: Skipping package `hobsub' (already loaded).
Package: letltxmacro 2010/09/02 v1.4 Let assignment for LaTeX macros (HO)
Package: hopatch 2011/06/24 v1.1 Wrapper for package hooks (HO)
Package: xcolor-patch 2011/01/30 xcolor patch
Package: atveryend 2011/06/30 v1.8 Hooks at the very end of document (HO)
Package atveryend Info: \enddocument detected (standard20110627).
Package: atbegshi 2011/10/05 v1.16 At begin shipout hook (HO)
Package: refcount 2011/10/16 v3.4 Data extraction from label references (HO)
Package: hycolor 2011/01/30 v1.7 Color options for hyperref/bookmark (HO)
)
("C:\Program Files\MiKTeX 2.9\tex\latex\oberdiek\auxhook.sty"
Package: auxhook 2011/03/04 v1.3 Hooks for auxiliary files (HO)
)
("C:\Program Files\MiKTeX 2.9\tex\latex\oberdiek\kvoptions.sty"
Package: kvoptions 2011/06/30 v3.11 Key value format for package options (HO)
)
\@linkdim=\dimen168
\Hy@linkcounter=\count121
\Hy@pagecounter=\count122

("C:\Program Files\MiKTeX 2.9\tex\latex\hyperref\pd1enc.def"
File: pd1enc.def 2012/11/06 v6.83m Hyperref: PDFDocEncoding definition (HO)
)
\Hy@SavedSpaceFactor=\count123

("C:\Program Files\MiKTeX 2.9\tex\latex\00miktex\hyperref.cfg"
File: hyperref.cfg 2002/06/06 v1.2 hyperref configuration of TeXLive
)
Package hyperref Info: Option `hyperfigures' set `true' on input line 4319.
Package hyperref Info: Option `colorlinks' set `true' on input line 4319.
Package hyperref Info: Hyper figures ON on input line 4441.
Package hyperref Info: Link nesting OFF on input line 4448.
Package hyperref Info: Hyper index ON on input line 4451.
Package hyperref Info: Plain pages OFF on input line 4458.
Package hyperref Info: Backreferencing OFF on input line 4463.
Package hyperref Info: Implicit mode ON; LaTeX internals redefined.
Package hyperref Info: Bookmarks ON on input line 4688.
\c@Hy@tempcnt=\count124

("C:\Program Files\MiKTeX 2.9\tex\latex\url\url.sty"
\Urlmuskip=\muskip10
Package: url 2013/09/16  ver 3.4  Verb mode for urls, etc.
)
LaTeX Info: Redefining \url on input line 5041.
\XeTeXLinkMargin=\dimen169
Requested font "pzdr" at 0.00002pt
\Fld@menulength=\count125
\Field@Width=\dimen170
\Fld@charsize=\dimen171
Package hyperref Info: Hyper figures ON on input line 6293.
Package hyperref Info: Link nesting OFF on input line 6300.
Package hyperref Info: Hyper index ON on input line 6303.
Package hyperref Info: backreferencing OFF on input line 6310.
Package hyperref Info: Link coloring ON on input line 6313.
Package hyperref Info: Link coloring with OCG OFF on input line 6320.
Package hyperref Info: PDF/A mode OFF on input line 6325.
LaTeX Info: Redefining \ref on input line 6365.
LaTeX Info: Redefining \pageref on input line 6369.
\Hy@abspage=\count126
\c@Item=\count127
\c@Hfootnote=\count128
)

Package hyperref Message: Driver (autodetected): hxetex.

("C:\Program Files\MiKTeX 2.9\tex\latex\hyperref\hxetex.def"
File: hxetex.def 2012/11/06 v6.83m Hyperref driver for XeTeX

("C:\Program Files\MiKTeX 2.9\tex\latex\hyperref\puenc.def"
File: puenc.def 2012/11/06 v6.83m Hyperref: PDF Unicode definition (HO)
)
("C:\Program Files\MiKTeX 2.9\tex\generic\oberdiek\stringenc.sty"
Package: stringenc 2011/12/02 v1.10 Convert strings between diff. encodings (HO
)
)
\pdfm@box=\box39
\c@Hy@AnnotLevel=\count129
\HyField@AnnotCount=\count130
\Fld@listcount=\count131
\c@bookmark@seq@number=\count132

("C:\Program Files\MiKTeX 2.9\tex\latex\oberdiek\rerunfilecheck.sty"
Package: rerunfilecheck 2011/04/15 v1.7 Rerun checks for auxiliary files (HO)
Package rerunfilecheck Info: Feature \pdfmdfivesum is not available
(rerunfilecheck)             (e.g. pdfTeX or LuaTeX with package `pdftexcmds').

(rerunfilecheck)             Therefore file contents cannot be checked efficien
tly
(rerunfilecheck)             and the loading of the package is aborted.
)
\Hy@SectionHShift=\skip46
)
("C:\Program Files\MiKTeX 2.9\tex\generic\pgf\frontendlayer\tikz\libraries\tikz
librarypatterns.code.tex"
File: tikzlibrarypatterns.code.tex 2008/01/15 v3.0.1 (rcs-revision 1.2)

("C:\Program Files\MiKTeX 2.9\tex\generic\pgf\libraries\pgflibrarypatterns.code
.tex"
File: pgflibrarypatterns.code.tex 2008/03/03 v3.0.1 (rcs-revision 1.13)
)) ("C:\Program Files\MiKTeX 2.9\tex\latex\pgfplots\pgfplots.sty"
("C:\Program Files\MiKTeX 2.9\tex\generic\pgfplots\pgfplots.revision.tex")
Package: pgfplots 2015/05/02 v1.12.1 Data Visualization (1.12.1)

("C:\Program Files\MiKTeX 2.9\tex\generic\pgfplots\pgfplots.code.tex"
("C:\Program Files\MiKTeX 2.9\tex\generic\pgfplots\pgfplotscore.code.tex"
\t@pgfplots@toka=\toks32
\t@pgfplots@tokb=\toks33
\t@pgfplots@tokc=\toks34
\pgfplots@tmpa=\dimen172
\c@pgfplots@coordindex=\count133
\c@pgfplots@scanlineindex=\count134

("C:\Program Files\MiKTeX 2.9\tex\generic\pgfplots\sys\pgfplotssysgeneric.code.
tex"))
("C:\Program Files\MiKTeX 2.9\tex\generic\pgfplots\libs\pgfplotslibrary.code.te
x")
("C:\Program Files\MiKTeX 2.9\tex\generic\pgfplots\oldpgfcompatib\pgfplotsoldpg
fsupp_loader.code.tex"
("C:\Program Files\MiKTeX 2.9\tex\generic\pgf\libraries\pgflibraryfpu.code.tex"
)) ("C:\Program Files\MiKTeX 2.9\tex\generic\pgfplots\util\pgfplotsutil.code.te
x"
("C:\Program Files\MiKTeX 2.9\tex\generic\pgfplots\liststructure\pgfplotslistst
ructure.code.tex")
("C:\Program Files\MiKTeX 2.9\tex\generic\pgfplots\liststructure\pgfplotslistst
ructureext.code.tex")
("C:\Program Files\MiKTeX 2.9\tex\generic\pgfplots\liststructure\pgfplotsarray.
code.tex"
\c@pgfplotsarray@tmp=\count135
)
("C:\Program Files\MiKTeX 2.9\tex\generic\pgfplots\liststructure\pgfplotsmatrix
.code.tex")
("C:\Program Files\MiKTeX 2.9\tex\generic\pgfplots\numtable\pgfplotstableshared
.code.tex"
\c@pgfplotstable@counta=\count136
\t@pgfplotstable@a=\toks35
)
("C:\Program Files\MiKTeX 2.9\tex\generic\pgfplots\liststructure\pgfplotsdeque.
code.tex")
("C:\Program Files\MiKTeX 2.9\tex\generic\pgfplots\util\pgfplotsbinary.code.tex
"
("C:\Program Files\MiKTeX 2.9\tex\generic\pgfplots\util\pgfplotsbinary.data.cod
e.tex"))
("C:\Program Files\MiKTeX 2.9\tex\generic\pgfplots\util\pgfplotsutil.verb.code.
tex")
("C:\Program Files\MiKTeX 2.9\tex\generic\pgfplots\libs\pgflibrarypgfplots.surf
shading.code.tex"
\c@pgfplotslibrarysurf@no=\count137

("C:\Program Files\MiKTeX 2.9\tex\generic\pgfplots\sys\pgflibrarypgfplots.surfs
hading.pgfsys-xetex.def"
("C:\Program Files\MiKTeX 2.9\tex\generic\pgfplots\sys\pgflibrarypgfplots.surfs
hading.pgfsys-dvipdfmx.def"
\c@pgfplotslibrarysurf@streamlen=\count138
))))
("C:\Program Files\MiKTeX 2.9\tex\generic\pgfplots\util\pgfplotscolormap.code.t
ex"
("C:\Program Files\MiKTeX 2.9\tex\generic\pgfplots\util\pgfplotscolor.code.tex"
))
("C:\Program Files\MiKTeX 2.9\tex\generic\pgfplots\pgfplotsstackedplots.code.te
x")
("C:\Program Files\MiKTeX 2.9\tex\generic\pgfplots\pgfplotsplothandlers.code.te
x"
("C:\Program Files\MiKTeX 2.9\tex\generic\pgfplots\pgfplotsmeshplothandler.code
.tex"))
("C:\Program Files\MiKTeX 2.9\tex\generic\pgfplots\pgfplots.scaling.code.tex")
("C:\Program Files\MiKTeX 2.9\tex\generic\pgfplots\pgfplotscoordprocessing.code
.tex")
("C:\Program Files\MiKTeX 2.9\tex\generic\pgfplots\pgfplots.errorbars.code.tex"
) ("C:\Program Files\MiKTeX 2.9\tex\generic\pgfplots\pgfplots.markers.code.tex"
) ("C:\Program Files\MiKTeX 2.9\tex\generic\pgfplots\pgfplotsticks.code.tex")
("C:\Program Files\MiKTeX 2.9\tex\generic\pgfplots\pgfplots.paths.code.tex")
("C:\Program Files\MiKTeX 2.9\tex\generic\pgf\frontendlayer\tikz\libraries\tikz
librarydecorations.code.tex"
("C:\Program Files\MiKTeX 2.9\tex\generic\pgf\modules\pgfmoduledecorations.code
.tex"
\pgfdecoratedcompleteddistance=\dimen173
\pgfdecoratedremainingdistance=\dimen174
\pgfdecoratedinputsegmentcompleteddistance=\dimen175
\pgfdecoratedinputsegmentremainingdistance=\dimen176
\pgf@decorate@distancetomove=\dimen177
\pgf@decorate@repeatstate=\count139
\pgfdecorationsegmentamplitude=\dimen178
\pgfdecorationsegmentlength=\dimen179
)
\tikz@lib@dec@box=\box40
)
("C:\Program Files\MiKTeX 2.9\tex\generic\pgf\frontendlayer\tikz\libraries\tikz
librarydecorations.pathmorphing.code.tex"
("C:\Program Files\MiKTeX 2.9\tex\generic\pgf\libraries\decorations\pgflibraryd
ecorations.pathmorphing.code.tex"))
("C:\Program Files\MiKTeX 2.9\tex\generic\pgf\frontendlayer\tikz\libraries\tikz
librarydecorations.pathreplacing.code.tex"
("C:\Program Files\MiKTeX 2.9\tex\generic\pgf\libraries\decorations\pgflibraryd
ecorations.pathreplacing.code.tex"))
\pgfplots@numplots=\count140
\pgfplots@xmin@reg=\dimen180
\pgfplots@xmax@reg=\dimen181
\pgfplots@ymin@reg=\dimen182
\pgfplots@ymax@reg=\dimen183
\pgfplots@zmin@reg=\dimen184
\pgfplots@zmax@reg=\dimen185
)
("C:\Program Files\MiKTeX 2.9\tex\generic\pgf\frontendlayer\tikz\libraries\tikz
libraryplotmarks.code.tex"
File: tikzlibraryplotmarks.code.tex 2008/01/09 v3.0.1 (rcs-revision 1.1)

("C:\Program Files\MiKTeX 2.9\tex\generic\pgf\libraries\pgflibraryplotmarks.cod
e.tex"
File: pgflibraryplotmarks.code.tex 2015/08/03 v3.0.1 (rcs-revision 1.14)
)))
Package hyperref Info: Option `colorlinks' set `true' on input line 27.
 ("C:\Program Files\MiKTeX 2.9\tex\latex\tools\array.sty"
Package: array 2014/10/28 v2.4c Tabular extension package (FMi)
\col@sep=\dimen186
\extrarowheight=\dimen187
\NC@list=\toks36
\extratabsurround=\skip47
\backup@length=\skip48
)
("C:\Program Files\MiKTeX 2.9\tex\latex\multirow\multirow.sty"
\bigstrutjot=\dimen188
)
("C:\Program Files\MiKTeX 2.9\tex\latex\natbib\natbib.sty"
Package: natbib 2010/09/13 8.31b (PWD, AO)
\bibhang=\skip49
\bibsep=\skip50
LaTeX Info: Redefining \cite on input line 694.
\c@NAT@ctr=\count141
)
("C:\Program Files\MiKTeX 2.9\tex\latex\amsmath\amsmath.sty"
Package: amsmath 2013/01/14 v2.14 AMS math features
\@mathmargin=\skip51

For additional information on amsmath, use the `?' option.
("C:\Program Files\MiKTeX 2.9\tex\latex\amsmath\amstext.sty"
Package: amstext 2000/06/29 v2.01

("C:\Program Files\MiKTeX 2.9\tex\latex\amsmath\amsgen.sty"
File: amsgen.sty 1999/11/30 v2.0
\@emptytoks=\toks37
\ex@=\dimen189
))
("C:\Program Files\MiKTeX 2.9\tex\latex\amsmath\amsbsy.sty"
Package: amsbsy 1999/11/29 v1.2d
\pmbraise@=\dimen190
)
("C:\Program Files\MiKTeX 2.9\tex\latex\amsmath\amsopn.sty"
Package: amsopn 1999/12/14 v2.01 operator names
)
\inf@bad=\count142
LaTeX Info: Redefining \frac on input line 210.
\uproot@=\count143
\leftroot@=\count144
LaTeX Info: Redefining \overline on input line 306.
\classnum@=\count145
\DOTSCASE@=\count146
LaTeX Info: Redefining \ldots on input line 378.
LaTeX Info: Redefining \dots on input line 381.
LaTeX Info: Redefining \cdots on input line 466.
\Mathstrutbox@=\box41
\strutbox@=\box42
\big@size=\dimen191
LaTeX Font Info:    Redeclaring font encoding OML on input line 566.
LaTeX Font Info:    Redeclaring font encoding OMS on input line 567.
\macc@depth=\count147
\c@MaxMatrixCols=\count148
\dotsspace@=\muskip11
\c@parentequation=\count149
\dspbrk@lvl=\count150
\tag@help=\toks38
\row@=\count151
\column@=\count152
\maxfields@=\count153
\andhelp@=\toks39
\eqnshift@=\dimen192
\alignsep@=\dimen193
\tagshift@=\dimen194
\tagwidth@=\dimen195
\totwidth@=\dimen196
\lineht@=\dimen197
\@envbody=\toks40
\multlinegap=\skip52
\multlinetaggap=\skip53
\mathdisplay@stack=\toks41
LaTeX Info: Redefining \[ on input line 2665.
LaTeX Info: Redefining \] on input line 2666.
)
("C:\Program Files\MiKTeX 2.9\tex\latex\numprint\numprint.sty"
Package: numprint 2012/08/20 v1.39 Print numbers (HH)
\c@nprt@mantissa@digitsbefore=\count154
\c@nprt@mantissa@digitsafter=\count155
\c@nprt@exponent@digitsbefore=\count156
\c@nprt@exponent@digitsafter=\count157
\nprt@digitwidth=\skip54
\nprt@sepwidth=\skip55
\nprt@decimalwidth=\skip56
\nprt@blockwidth=\skip57
\nprt@digittoks=\toks42
\nprt@pretoks=\toks43
\nprt@posttoks=\toks44
\nprt@thisdigit=\count158
\nprt@curpos=\count159
\nprt@rndpos=\count160
\c@nprt@digitsfirstblock=\count161
\c@nprt@blockcnt=\count162
\c@nprt@cntprint=\count163

No configuration file `numprint.cfg' found.)
("C:\Program Files\MiKTeX 2.9\tex\latex\SIstyle\sistyle.sty"
Package: sistyle 2008/07/16 v2.3a SI units and numbers (DNJ Els)
\ttoks@A=\toks45
\ttoks@B=\toks46
)
("C:\Program Files\MiKTeX 2.9\tex\latex\booktabs\booktabs.sty"
Package: booktabs 2005/04/14 v1.61803 publication quality tables
\heavyrulewidth=\dimen198
\lightrulewidth=\dimen199
\cmidrulewidth=\dimen200
\belowrulesep=\dimen201
\belowbottomsep=\dimen202
\aboverulesep=\dimen203
\abovetopsep=\dimen204
\cmidrulesep=\dimen205
\cmidrulekern=\dimen206
\defaultaddspace=\dimen207
\@cmidla=\count164
\@cmidlb=\count165
\@aboverulesep=\dimen208
\@belowrulesep=\dimen209
\@thisruleclass=\count166
\@lastruleclass=\count167
\@thisrulewidth=\dimen210
)
("C:\Program Files\MiKTeX 2.9\tex\latex\graphics\lscape.sty"
Package: lscape 2000/10/22 v3.01 Landscape Pages (DPC)
)
("C:\Program Files\MiKTeX 2.9\tex\latex\amsfonts\amssymb.sty"
Package: amssymb 2013/01/14 v3.01 AMS font symbols

("C:\Program Files\MiKTeX 2.9\tex\latex\amsfonts\amsfonts.sty"
Package: amsfonts 2013/01/14 v3.01 Basic AMSFonts support
\symAMSa=\mathgroup4
\symAMSb=\mathgroup5
LaTeX Font Info:    Overwriting math alphabet `\mathfrak' in version `bold'
(Font)                  U/euf/m/n --> U/euf/b/n on input line 106.
))
("C:\Program Files\MiKTeX 2.9\tex\latex\ltxmisc\parskip.sty"
Package: parskip 2001/04/09 non-zero parskip adjustments
)
("C:\Program Files\MiKTeX 2.9\tex\latex\tocbibind\tocbibind.sty"
Package: tocbibind 2010/10/13 v1.5k extra ToC listings
Package tocbibind Info: The document has chapter divisions on input line 50.


Package tocbibind Note: Using chapter style headings, unless overridden.

) ("C:\Program Files\MiKTeX 2.9\tex\latex\rotating\rotating.sty"
Package: rotating 2009/03/28 v2.16a rotated objects in LaTeX
\c@r@tfl@t=\count168
\rotFPtop=\skip58
\rotFPbot=\skip59
\rot@float@box=\box43
\rot@mess@toks=\toks47
)
("C:\Program Files\MiKTeX 2.9\tex\latex\oberdiek\pdflscape.sty"
Package: pdflscape 2008/08/11 v0.10 Display of landscape pages in PDF (HO)
Package pdflscape Info: Auto-detected driver: dvipdfm (xetex) on input line 98.

)
("C:\Program Files\MiKTeX 2.9\tex\latex\appendix\appendix.sty"
Package: appendix 2009/09/02 v1.2b extra appendix facilities
\c@@pps=\count169
\c@@ppsavesec=\count170
\c@@ppsaveapp=\count171
)
("C:\Program Files\MiKTeX 2.9\tex\latex\threeparttable\threeparttable.sty"
Package: threeparttable 2003/06/13  v 3.0
\@tempboxb=\box44
)
("C:\Program Files\MiKTeX 2.9\tex\latex\mhchem\mhchem.sty"
Package: mhchem 2015/07/23 v4.02 for typesetting chemical formulae

("C:\Program Files\MiKTeX 2.9\tex\latex\l3kernel\expl3.sty"
Package: expl3 2015/07/30 v5724 L3 programming layer (loader) 

("C:\Program Files\MiKTeX 2.9\tex\latex\l3kernel\expl3-code.tex"
Package: expl3 2015/07/30 v5724 L3 programming layer (code) 
L3 Module: l3bootstrap 2015/07/30 v5721 L3 Bootstrap code
L3 Module: l3names 2015/07/28 v5705 L3 Namespace for primitives
L3 Module: l3basics 2015/01/27 v5500 L3 Basic definitions
L3 Module: l3expan 2014/11/27 v5472 L3 Argument expansion
L3 Module: l3tl 2015/07/14 v5659 L3 Token lists
L3 Module: l3str 2015/07/14 v5659 L3 Strings
L3 Module: l3seq 2015/07/24 v5681 L3 Sequences and stacks
L3 Module: l3int 2015/07/14 v5659 L3 Integers
\c_max_int=\count172
\l_tmpa_int=\count173
\l_tmpb_int=\count174
\g_tmpa_int=\count175
\g_tmpb_int=\count176
L3 Module: l3quark 2015/07/14 v5659 L3 Quarks
L3 Module: l3prg 2015/07/30 v5722 L3 Control structures
\g__prg_map_int=\count177
L3 Module: l3clist 2014/08/23 v5354 L3 Comma separated lists
L3 Module: l3token 2014/09/15 v5422 L3 Experimental token manipulation
L3 Module: l3prop 2014/08/23 v5354 L3 Property lists
L3 Module: l3msg 2015/02/26 v5537 L3 Messages
L3 Module: l3file 2015/07/30 v5714 L3 File and I/O operations
\l_iow_line_count_int=\count178
\l__iow_target_count_int=\count179
\l__iow_current_line_int=\count180
\l__iow_current_word_int=\count181
\l__iow_current_indentation_int=\count182
L3 Module: l3skip 2015/07/14 v5659 L3 Dimensions and skips
\c_zero_dim=\dimen211
\c_max_dim=\dimen212
\l_tmpa_dim=\dimen213
\l_tmpb_dim=\dimen214
\g_tmpa_dim=\dimen215
\g_tmpb_dim=\dimen216
\c_zero_skip=\skip60
\c_max_skip=\skip61
\l_tmpa_skip=\skip62
\l_tmpb_skip=\skip63
\g_tmpa_skip=\skip64
\g_tmpb_skip=\skip65
\c_zero_muskip=\muskip12
\c_max_muskip=\muskip13
\l_tmpa_muskip=\muskip14
\l_tmpb_muskip=\muskip15
\g_tmpa_muskip=\muskip16
\g_tmpb_muskip=\muskip17
L3 Module: l3keys 2015/07/26 v5684 L3 Key-value interfaces
\g__keyval_level_int=\count183
\l_keys_choice_int=\count184
L3 Module: l3fp 2015/07/09 v5652 L3 Floating points
\c__fp_leading_shift_int=\count185
\c__fp_middle_shift_int=\count186
\c__fp_trailing_shift_int=\count187
\c__fp_big_leading_shift_int=\count188
\c__fp_big_middle_shift_int=\count189
\c__fp_big_trailing_shift_int=\count190
\c__fp_Bigg_leading_shift_int=\count191
\c__fp_Bigg_middle_shift_int=\count192
\c__fp_Bigg_trailing_shift_int=\count193
L3 Module: l3box 2014/08/23 v5354 L3 Experimental boxes
\c_empty_box=\box45
\l_tmpa_box=\box46
\l_tmpb_box=\box47
\g_tmpa_box=\box48
\g_tmpb_box=\box49
L3 Module: l3coffins 2014/08/23 v5354 L3 Coffin code layer
\l__coffin_internal_box=\box50
\l__coffin_internal_dim=\dimen217
\l__coffin_offset_x_dim=\dimen218
\l__coffin_offset_y_dim=\dimen219
\l__coffin_x_dim=\dimen220
\l__coffin_y_dim=\dimen221
\l__coffin_x_prime_dim=\dimen222
\l__coffin_y_prime_dim=\dimen223
\c_empty_coffin=\box51
\l__coffin_aligned_coffin=\box52
\l__coffin_aligned_internal_coffin=\box53
\l_tmpa_coffin=\box54
\l_tmpb_coffin=\box55
\l__coffin_display_coffin=\box56
\l__coffin_display_coord_coffin=\box57
\l__coffin_display_pole_coffin=\box58
\l__coffin_display_offset_dim=\dimen224
\l__coffin_display_x_dim=\dimen225
\l__coffin_display_y_dim=\dimen226
L3 Module: l3color 2014/08/23 v5354 L3 Experimental color support
L3 Module: l3candidates 2015/07/22 v5677 L3 Experimental additions to l3kernel
\l__box_top_dim=\dimen227
\l__box_bottom_dim=\dimen228
\l__box_left_dim=\dimen229
\l__box_right_dim=\dimen230
\l__box_top_new_dim=\dimen231
\l__box_bottom_new_dim=\dimen232
\l__box_left_new_dim=\dimen233
\l__box_right_new_dim=\dimen256
\l__box_internal_box=\box59
\l__coffin_bounding_shift_dim=\dimen257
\l__coffin_left_corner_dim=\dimen258
\l__coffin_right_corner_dim=\dimen259
\l__coffin_bottom_corner_dim=\dimen260
\l__coffin_top_corner_dim=\dimen261
\l__coffin_scaled_total_height_dim=\dimen262
\l__coffin_scaled_width_dim=\dimen263
L3 Module: l3luatex 2015/06/30 v5646 L3 Experimental LuaTeX-specific functions
)
("C:\Program Files\MiKTeX 2.9\tex\latex\l3kernel\l3unicode-data.def"
File: l3unicode-data.def 2015/07/20 v-1 L3 Unicode data
)
("C:\Program Files\MiKTeX 2.9\tex\latex\l3kernel\l3xdvipdfmx.def"
File: l3xdvidpfmx.def 2015/06/30 v5646 L3 Experimental driver: xdvipdfmx
))
("C:\Program Files\MiKTeX 2.9\tex\latex\l3packages\l3keys2e\l3keys2e.sty"
Package: l3keys2e 2015/07/28 v5700 LaTeX2e option processing using LaTeX3 keys
)
("C:\Program Files\MiKTeX 2.9\tex\latex\l3experimental\l3str\l3regex.sty"
Package: l3regex 2015/07/28 v5700 L3 Experimental regular expressions

("C:\Program Files\MiKTeX 2.9\tex\latex\l3experimental\l3str\l3tl-build.sty"
Package: l3tl-build 2015/07/28 v5700 L3 Experimental token list construction
\l__tl_build_start_index_int=\count194
\l__tl_build_index_int=\count195
)
("C:\Program Files\MiKTeX 2.9\tex\latex\l3experimental\l3str\l3tl-analysis.sty"
Package: l3tl-analysis 2014/05/06 v4745 L3 Experimental token lists analysis
("C:\Program Files\MiKTeX 2.9\tex\latex\l3experimental\l3str\l3str.sty"
Package: l3str 2015/07/28 v5700 L3 Experimental strings
)
\l__tl_analysis_normal_int=\count196
\l__tl_analysis_index_int=\count197
\l__tl_analysis_nesting_int=\count198
\l__tl_analysis_type_int=\count199
)
("C:\Program Files\MiKTeX 2.9\tex\latex\l3experimental\l3str\l3flag.sty"
Package: l3flag 2015/07/28 v5700 L3 Experimental flags
)
("C:\Program Files\MiKTeX 2.9\tex\latex\l3experimental\l3str\l3str-convert.sty"
Package: l3str-convert 2015/07/14 v5659 L3 Experimental string encoding convers
ions
\l__str_internal_int=\count200
)
\l__regex_internal_a_int=\count201
\l__regex_internal_b_int=\count202
\l__regex_internal_c_int=\count203
\l__regex_balance_int=\count204
\l__regex_group_level_int=\count205
\l__regex_mode_int=\count206
\l__regex_catcodes_int=\count207
\l__regex_default_catcodes_int=\count208
\c__regex_catcode_L_int=\count209
\c__regex_catcode_O_int=\count210
\c__regex_catcode_A_int=\count211
\c__regex_all_catcodes_int=\count212
\l__regex_show_lines_int=\count213
\l__regex_min_state_int=\count214
\l__regex_max_state_int=\count215
\l__regex_left_state_int=\count216
\l__regex_right_state_int=\count217
\l__regex_capturing_group_int=\count218
\l__regex_min_pos_int=\count219
\l__regex_max_pos_int=\count220
\l__regex_current_pos_int=\count221
\l__regex_start_pos_int=\count222
\l__regex_success_pos_int=\count223
\l__regex_current_char_int=\count224
\l__regex_current_catcode_int=\count225
\l__regex_last_char_int=\count226
\l__regex_case_changed_char_int=\count227
\l__regex_current_state_int=\count228
\l__regex_step_int=\count229
\l__regex_min_active_int=\count230
\l__regex_max_active_int=\count231
\l__regex_replacement_csnames_int=\count232
\l__regex_match_count_int=\count233
\l__regex_submatch_int=\count266
\l__regex_zeroth_submatch_int=\count267
) ("C:\Program Files\MiKTeX 2.9\tex\latex\chemgreek\chemgreek.sty"
("C:\Program Files\MiKTeX 2.9\tex\latex\l3packages\xparse\xparse.sty"
Package: xparse 2015/07/28 v5700 L3 Experimental document command parser
\l__xparse_current_arg_int=\count268
\l__xparse_m_args_int=\count269
\l__xparse_mandatory_args_int=\count270
\l__xparse_processor_int=\count271
\l__xparse_v_nesting_int=\count272
)
Package: chemgreek 2015/07/01 v1.0a interfaceforuprightgreeklettersforuseinchem
istry (CN)
\l__chemgreek_tmpa_int=\count273
\g__chemgreek_tmpa_int=\count274
.................................................
. LaTeX info: "xparse/define-command"
. 
. Defining command \newchemgreekmapping with sig. 'O{}mm' on line 330.
.................................................
.................................................
. LaTeX info: "xparse/define-command"
. 
. Defining command \renewchemgreekmapping with sig. 'O{}mm' on line 333.
.................................................
.................................................
. LaTeX info: "xparse/define-command"
. 
. Defining command \declarechemgreekmapping with sig. 'O{}mm' on line 336.
.................................................
.................................................
. LaTeX info: "xparse/define-command"
. 
. Defining command \newchemgreekmappingalias with sig. 'mm' on line 341.
.................................................
.................................................
. LaTeX info: "xparse/define-command"
. 
. Defining command \renewchemgreekmappingalias with sig. 'mm' on line 344.
.................................................
.................................................
. LaTeX info: "xparse/define-command"
. 
. Defining command \declarechemgreekmappingalias with sig. 'mm' on line 347.
.................................................
.................................................
. LaTeX info: "xparse/define-command"
. 
. Defining command \changechemgreeksymbol with sig. 'mmmm' on line 377.
.................................................
.................................................
. LaTeX info: "xparse/define-command"
. 
. Defining command \chemgreekmappingsymbol with sig. 'mm' on line 471.
.................................................
.................................................
. LaTeX info: "xparse/define-command"
. 
. Defining command \activatechemgreekmapping with sig. 'sm' on line 480.
.................................................
.................................................
. LaTeX info: "xparse/define-command"
. 
. Defining command \selectchemgreekmapping with sig. 'm' on line 485.
.................................................
)
Variant \str_if_eq:VnTF already defined; not changing it on line 57
\l__mhchem_ce_distanceFromLastComma_int=\count275
\mhchem@arrow@params=\toks48
\mhchem@arrowlength@pgf=\skip66
\mhchem@bondwidth=\skip67
\mhchem@bondheight=\skip68
\mhchem@smallbondwidth@tmpA=\skip69
\mhchem@smallbondwidth@tmpB=\skip70
\mhchem@smallbondwidth=\skip71
\mhchem@bondtmp@minussidebearingleft=\skip72
\mhchem@bondtmp@minussidebearingright=\skip73
\mhchem@minispace@tmp=\skip74
\mhchem@minibackspace@tmp=\skip75
\l__mhchem_option_version_int=\count276
\mhchem@option@minusmathsidebearingleft=\dimen264
\mhchem@option@minusmathsidebearingright=\dimen265
\mhchem@option@minustextsidebearingleft=\dimen266
\mhchem@option@minustextsidebearingright=\dimen267
)
("C:\Program Files\MiKTeX 2.9\tex\latex\tools\verbatim.sty"
Package: verbatim 2014/10/28 v1.5q LaTeX2e package for verbatim enhancements
\every@verbatim=\toks49
\verbatim@line=\toks50
\verbatim@in@stream=\read2
)
("ScottGleason PhDThesis.aux"

LaTeX Warning: Label `tab:SputterParameters' multiply defined.

)
LaTeX Font Info:    Checking defaults for OML/cmm/m/it on input line 80.
LaTeX Font Info:    ... okay on input line 80.
LaTeX Font Info:    Checking defaults for T1/cmr/m/n on input line 80.
LaTeX Font Info:    ... okay on input line 80.
LaTeX Font Info:    Checking defaults for OT1/cmr/m/n on input line 80.
LaTeX Font Info:    ... okay on input line 80.
LaTeX Font Info:    Checking defaults for OMS/cmsy/m/n on input line 80.
LaTeX Font Info:    ... okay on input line 80.
LaTeX Font Info:    Checking defaults for OMX/cmex/m/n on input line 80.
LaTeX Font Info:    ... okay on input line 80.
LaTeX Font Info:    Checking defaults for U/cmr/m/n on input line 80.
LaTeX Font Info:    ... okay on input line 80.
LaTeX Font Info:    Checking defaults for PD1/pdf/m/n on input line 80.
LaTeX Font Info:    ... okay on input line 80.
LaTeX Font Info:    Checking defaults for PU/pdf/m/n on input line 80.
LaTeX Font Info:    ... okay on input line 80.

*geometry* detected driver: pdftex
*geometry* verbose mode - [ preamble ] result:
* driver: pdftex
* paper: a4paper
* layout: <same size as paper>
* layoutoffset:(h,v)=(0.0pt,0.0pt)
* modes: 
* h-part:(L,W,R)=(14.22636pt, 483.69687pt, 99.58464pt)
* v-part:(T,H,B)=(56.9055pt, 731.23584pt, 56.9055pt)
* \paperwidth=597.50787pt
* \paperheight=845.04684pt
* \textwidth=483.69687pt
* \textheight=731.23584pt
* \oddsidemargin=-58.04362pt
* \evensidemargin=-58.04362pt
* \topmargin=-52.36449pt
* \headheight=12.0pt
* \headsep=25.0pt
* \topskip=12.0pt
* \footskip=30.0pt
* \marginparwidth=35.0pt
* \marginparsep=10.0pt
* \columnsep=10.0pt
* \skip\footins=10.8pt plus 4.0pt minus 2.0pt
* \hoffset=0.0pt
* \voffset=0.0pt
* \mag=1000
* \@twocolumnfalse
* \@twosidefalse
* \@mparswitchfalse
* \@reversemarginfalse
* (1in=72.27pt=25.4mm, 1cm=28.453pt)

Package caption Info: Begin \AtBeginDocument code.
Package caption Info: float package is loaded.
Package caption Info: hyperref package is loaded.
Package caption Info: rotating package is loaded.
Package caption Info: threeparttable package is loaded.
Package caption Info: End \AtBeginDocument code.
ABD: EveryShipout initializing macros
\AtBeginShipoutBox=\box60
Package hyperref Info: Link coloring ON on input line 80.

("C:\Program Files\MiKTeX 2.9\tex\latex\hyperref\nameref.sty"
Package: nameref 2012/10/27 v2.43 Cross-referencing by name of section

("C:\Program Files\MiKTeX 2.9\tex\generic\oberdiek\gettitlestring.sty"
Package: gettitlestring 2010/12/03 v1.4 Cleanup title references (HO)
)
\c@section@level=\count277
)
LaTeX Info: Redefining \ref on input line 80.
LaTeX Info: Redefining \pageref on input line 80.
LaTeX Info: Redefining \nameref on input line 80.

("ScottGleason PhDThesis.out") ("ScottGleason PhDThesis.out")
\@outlinefile=\write4


Package pgfplots Warning: running in backwards compatibility mode (unsuitable t
ick labels; missing features). Consider writing \pgfplotsset{compat=1.12} into 
your preamble.
 on input line 80.

Requested font "cmr8" at 8.0pt
Requested font "cmr6" at 6.0pt
Requested font "cmmi12" at 12.0pt
Requested font "cmmi8" at 8.0pt
Requested font "cmmi6" at 6.0pt
Requested font "cmsy10" at 12.0pt
Requested font "cmsy8" at 8.0pt
Requested font "cmsy6" at 6.0pt
Requested font "cmex10" at 12.0pt
Requested font "cmex8" at 8.0pt
Requested font "cmex7" at 6.0pt
LaTeX Font Info:    Try loading font information for U+msa on input line 80.
("C:\Program Files\MiKTeX 2.9\tex\latex\amsfonts\umsa.fd"
File: umsa.fd 2013/01/14 v3.01 AMS symbols A
)
Requested font "msam10" at 12.0pt
Requested font "msam10" at 8.0pt
Requested font "msam7" at 6.0pt
LaTeX Font Info:    Try loading font information for U+msb on input line 80.

("C:\Program Files\MiKTeX 2.9\tex\latex\amsfonts\umsb.fd"
File: umsb.fd 2013/01/14 v3.01 AMS symbols B
)
Requested font "msbm10" at 12.0pt
Requested font "msbm10" at 8.0pt
Requested font "msbm7" at 6.0pt
Requested font "cmss12" at 12.0pt
Requested font "cmss8" at 8.0pt
Requested font "cmss8" at 6.0pt
Requested font "cmtt12" at 12.0pt
Requested font "cmtt8" at 8.0pt
Requested font "cmtt8" at 6.0pt
.................................................
. chemgreek info: "mapping-activated"
. 
. Activating mapping `default' on line 80.
.................................................
Requested font "ecbx1200" at 12.0pt
Requested font "ecbx2074" at 20.74pt
Requested font "ecbx1440" at 14.4pt
File: ./images/UNIlogo.png Graphic file (type QTm)

<use  "./images/UNIlogo.png" >
("C:\Program Files\MiKTeX 2.9\tex\generic\oberdiek\se-ascii-print.def"
File: se-ascii-print.def 2011/12/02 v1.10 stringenc: Printable ASCII characters

)
[1

]
Requested font "ecrm2488" at 24.88pt
Requested font "ecbx2488" at 24.88pt
 ("ScottGleason PhDThesis.toc" [1


] [2])
\tf@toc=\write5
 [3] ("ScottGleason PhDThesis.lof"
Overfull \hbox (27.11856pt too wide) in paragraph at lines 3--3
 \T1/cmr/m/n/12 nu-cle-ation bar-rier en-ergy ($\OT1/cmr/m/n/12 ^^A\OML/cmm/m/i
t/12 G[]$\T1/cmr/m/n/12 ) to ini-ti-ate crys-talline growth. (b) Ther-mo-dy-nam
-i-cally 
 []


Overfull \hbox (13.15987pt too wide) in paragraph at lines 4--4
 [][] [][][]\T1/cmr/m/n/12 Schematic of spe-cific en-thalpy ($\OML/cmm/m/it/12 
h$\T1/cmr/m/n/12 ) or spe-cific vol-ume ($\OML/cmm/m/it/12 v$\T1/cmr/m/n/12 ) a
s a func-tion of tem-per-a-ture 
 []


Overfull \hbox (18.47995pt too wide) in paragraph at lines 9--9
 \T1/cmr/m/n/12 show-ing the shift from char-ac-ter-is-tic amor-phous struc-tur
e to crys-talline. Re-pro-duced 
 []

[4

]
Overfull \hbox (28.69063pt too wide) in paragraph at lines 12--12
 \T1/cmr/m/n/12 poly-mer PMMA sys-tem show-ing in-creased en-thalpy with var-ie
d sub-strate tem-per-a-ture. 
 []


Overfull \hbox (23.36931pt too wide) in paragraph at lines 16--16
 [][] [][][]\T1/cmr/m/n/12 (a) Re-la-tion-ship be-tween nor-malised sub-strate 
tem-per-a-ture ($\OML/cmm/m/it/12 T[]=T[]$\T1/cmr/m/n/12 ) and nor-malised 
 []


Overfull \hbox (0.66254pt too wide) in paragraph at lines 16--16
 \T1/cmr/m/n/12 mo-lar vol-ume ($\OML/cmm/m/it/12 V[]=V[]\OT1/cmr/m/n/12 (\OML/
cmm/m/it/12 T[]\OT1/cmr/m/n/12 )$\T1/cmr/m/n/12 ) for sev-eral VD molec-u-lar g
lasses show-ing the great-est 
 []


Overfull \hbox (3.24684pt too wide) in paragraph at lines 20--20
 [][] [][][]\T1/cmr/m/n/12 Screenshot of the MS Ex-cel tool de-vel-oped for cal
-cu-lat-ing charge weights, check-ing 
 []

[5]
Overfull \hbox (30.29659pt too wide) in paragraph at lines 29--29
 [][] [][][]\T1/cmr/m/n/12 Plots of $\OML/cmm/m/it/12 T[]$\T1/cmr/m/n/12 , $\OM
L/cmm/m/it/12 T[]$\T1/cmr/m/n/12 , $\OML/cmm/m/it/12 T[]$\T1/cmr/m/n/12 , $\OML
/cmm/m/it/12 T[]$\T1/cmr/m/n/12 , and $\OT1/cmr/m/n/12 ^^A\OML/cmm/m/it/12 T$ \
T1/cmr/m/n/12 for al-loys pre-sented in Ta-ble 7.2. (a) Mg$[]$Zn$[]$Ca$[]$, 
 []

)
\tf@lof=\write6
 [6] ("ScottGleason PhDThesis.lot")
\tf@lot=\write7
 [7

] [1


]
Package hyperref Info: bookmark level for unknown todo defaults to 0 on input l
ine 144.

Overfull \hbox (14.15495pt too wide) in paragraph at lines 144--144
[][][][]\T1/cmr/m/n/12 General 
 []


Overfull \hbox (16.09749pt too wide) in paragraph at lines 144--144
\T1/cmr/m/n/12 ab-stract 
 []


Overfull \hbox (23.92891pt too wide) in paragraph at lines 144--144
\T1/cmr/m/n/12 struc-ture; 
 []


Overfull \hbox (17.49857pt too wide) in paragraph at lines 144--144
\T1/cmr/m/n/12 Prob-lem 
 []


Overfull \hbox (38.61281pt too wide) in paragraph at lines 144--144
\T1/cmr/m/n/12 in-ves-ti-gated; 
 []


Overfull \hbox (30.94249pt too wide) in paragraph at lines 144--144
\T1/cmr/m/n/12 Pro-ce-dures 
 []


Overfull \hbox (18.96901pt too wide) in paragraph at lines 144--144
\T1/cmr/m/n/12 fol-lowed; 
 []


Overfull \hbox (20.109pt too wide) in paragraph at lines 144--144
\T1/cmr/m/n/12 Prin-ci-ple 
 []


Overfull \hbox (7.67871pt too wide) in paragraph at lines 144--144
\T1/cmr/m/n/12 re-sults 
 []


Overfull \hbox (21.9058pt too wide) in paragraph at lines 144--144
\T1/cmr/m/n/12 ob-tained; 
 []


Overfull \hbox (5.5862pt too wide) in paragraph at lines 144--144
\T1/cmr/m/n/12 Ma-jor 
 []


Overfull \hbox (27.19196pt too wide) in paragraph at lines 144--144
\T1/cmr/m/n/12 con-clu-sion 
 []


Overfull \hbox (13.09549pt too wide) in paragraph at lines 144--144
\T1/cmr/m/n/12 reached  
 []


Overfull \hbox (14.15495pt too wide) in paragraph at lines 144--144
[][][][]\T1/cmr/m/n/12 General 
 []


Overfull \hbox (16.09749pt too wide) in paragraph at lines 144--144
\T1/cmr/m/n/12 ab-stract 
 []


Overfull \hbox (23.92891pt too wide) in paragraph at lines 144--144
\T1/cmr/m/n/12 struc-ture; 
 []


Overfull \hbox (17.49857pt too wide) in paragraph at lines 144--144
\T1/cmr/m/n/12 Prob-lem 
 []


Overfull \hbox (38.61281pt too wide) in paragraph at lines 144--144
\T1/cmr/m/n/12 in-ves-ti-gated; 
 []


Overfull \hbox (30.94249pt too wide) in paragraph at lines 144--144
\T1/cmr/m/n/12 Pro-ce-dures 
 []


Overfull \hbox (18.96901pt too wide) in paragraph at lines 144--144
\T1/cmr/m/n/12 fol-lowed; 
 []


Overfull \hbox (20.109pt too wide) in paragraph at lines 144--144
\T1/cmr/m/n/12 Prin-ci-ple 
 []


Overfull \hbox (7.67871pt too wide) in paragraph at lines 144--144
\T1/cmr/m/n/12 re-sults 
 []


Overfull \hbox (21.9058pt too wide) in paragraph at lines 144--144
\T1/cmr/m/n/12 ob-tained; 
 []


Overfull \hbox (5.5862pt too wide) in paragraph at lines 144--144
\T1/cmr/m/n/12 Ma-jor 
 []


Overfull \hbox (27.19196pt too wide) in paragraph at lines 144--144
\T1/cmr/m/n/12 con-clu-sion 
 []


Overfull \hbox (13.09549pt too wide) in paragraph at lines 144--144
\T1/cmr/m/n/12 reached  
 []


Overfull \hbox (14.15495pt too wide) in paragraph at lines 144--144
[][][][]\T1/cmr/m/n/12 General 
 []


Overfull \hbox (16.09749pt too wide) in paragraph at lines 144--144
\T1/cmr/m/n/12 ab-stract 
 []


Overfull \hbox (23.92891pt too wide) in paragraph at lines 144--144
\T1/cmr/m/n/12 struc-ture; 
 []


Overfull \hbox (17.49857pt too wide) in paragraph at lines 144--144
\T1/cmr/m/n/12 Prob-lem 
 []


Overfull \hbox (38.61281pt too wide) in paragraph at lines 144--144
\T1/cmr/m/n/12 in-ves-ti-gated; 
 []


Overfull \hbox (30.94249pt too wide) in paragraph at lines 144--144
\T1/cmr/m/n/12 Pro-ce-dures 
 []


Overfull \hbox (18.96901pt too wide) in paragraph at lines 144--144
\T1/cmr/m/n/12 fol-lowed; 
 []


Overfull \hbox (20.109pt too wide) in paragraph at lines 144--144
\T1/cmr/m/n/12 Prin-ci-ple 
 []


Overfull \hbox (7.67871pt too wide) in paragraph at lines 144--144
\T1/cmr/m/n/12 re-sults 
 []


Overfull \hbox (21.9058pt too wide) in paragraph at lines 144--144
\T1/cmr/m/n/12 ob-tained; 
 []


Overfull \hbox (5.5862pt too wide) in paragraph at lines 144--144
\T1/cmr/m/n/12 Ma-jor 
 []


Overfull \hbox (27.19196pt too wide) in paragraph at lines 144--144
\T1/cmr/m/n/12 con-clu-sion 
 []


Overfull \hbox (13.09549pt too wide) in paragraph at lines 144--144
\T1/cmr/m/n/12 reached  
 []


Overfull \hbox (14.15495pt too wide) in paragraph at lines 144--144
[][][][]\T1/cmr/m/n/12 General 
 []


Overfull \hbox (16.09749pt too wide) in paragraph at lines 144--144
\T1/cmr/m/n/12 ab-stract 
 []


Overfull \hbox (23.92891pt too wide) in paragraph at lines 144--144
\T1/cmr/m/n/12 struc-ture; 
 []


Overfull \hbox (17.49857pt too wide) in paragraph at lines 144--144
\T1/cmr/m/n/12 Prob-lem 
 []


Overfull \hbox (38.61281pt too wide) in paragraph at lines 144--144
\T1/cmr/m/n/12 in-ves-ti-gated; 
 []


Overfull \hbox (30.94249pt too wide) in paragraph at lines 144--144
\T1/cmr/m/n/12 Pro-ce-dures 
 []


Overfull \hbox (18.96901pt too wide) in paragraph at lines 144--144
\T1/cmr/m/n/12 fol-lowed; 
 []


Overfull \hbox (20.109pt too wide) in paragraph at lines 144--144
\T1/cmr/m/n/12 Prin-ci-ple 
 []


Overfull \hbox (7.67871pt too wide) in paragraph at lines 144--144
\T1/cmr/m/n/12 re-sults 
 []


Overfull \hbox (21.9058pt too wide) in paragraph at lines 144--144
\T1/cmr/m/n/12 ob-tained; 
 []


Overfull \hbox (5.5862pt too wide) in paragraph at lines 144--144
\T1/cmr/m/n/12 Ma-jor 
 []


Overfull \hbox (27.19196pt too wide) in paragraph at lines 144--144
\T1/cmr/m/n/12 con-clu-sion 
 []


Overfull \hbox (13.09549pt too wide) in paragraph at lines 144--144
\T1/cmr/m/n/12 reached  
 []


Overfull \hbox (19.29115pt too wide) in paragraph at lines 158--158
[][][][]\T1/cmr/m/n/12 Injection 
 []


Overfull \hbox (21.90579pt too wide) in paragraph at lines 158--158
\T1/cmr/m/n/12 mould-ing 
 []


Overfull \hbox (5.91249pt too wide) in paragraph at lines 158--158
\T1/cmr/m/n/12 Wider 
 []


Overfull \hbox (6.30823pt too wide) in paragraph at lines 158--158
\T1/cmr/m/n/12 spacer 
 []


Overfull \hbox (18.15121pt too wide) in paragraph at lines 158--158
\T1/cmr/m/n/12 Pre-heat 
 []


Overfull \hbox (6.24297pt too wide) in paragraph at lines 158--158
\T1/cmr/m/n/12 mould 
 []


Overfull \hbox (14.0744pt too wide) in paragraph at lines 158--158
\T1/cmr/m/n/12 ther-mal 
 []


Overfull \hbox (29.08458pt too wide) in paragraph at lines 158--158
\T1/cmr/m/n/12 con-duc-tive 
 []


Overfull \hbox (21.31844pt too wide) in paragraph at lines 158--158
\T1/cmr/m/n/12 ma-te-ri-als 
 []


Overfull \hbox (30.22461pt too wide) in paragraph at lines 158--158
\T1/cmr/m/n/12 (Di-a-mond) 
 []


Overfull \hbox (11.79022pt too wide) in paragraph at lines 158--158
\T1/cmr/m/n/12 bot-tom 
 []


Overfull \hbox (6.24297pt too wide) in paragraph at lines 158--158
\T1/cmr/m/n/12 mould 
 []


Overfull \hbox (10.22389pt too wide) in paragraph at lines 158--158
\T1/cmr/m/n/12 dis-play 
 []


Overfull \hbox (46.20961pt too wide) in paragraph at lines 158--158
\T1/cmr/m/n/12 Boron-Nitrate 
 []


Overfull \hbox (10.48494pt too wide) in paragraph at lines 158--158
\T1/cmr/m/n/12 cool-ing 
 []


Overfull \hbox (4.61142pt too wide) in paragraph at lines 158--158
\T1/cmr/m/n/12 would 
 []


Overfull \hbox (1.02203pt too wide) in paragraph at lines 158--158
\T1/cmr/m/n/12 make 
 []


Overfull \hbox (5.59036pt too wide) in paragraph at lines 158--158
\T1/cmr/m/n/12 longer 
 []


Overfull \hbox (1.02203pt too wide) in paragraph at lines 158--158
\T1/cmr/m/n/12 make 
 []


Overfull \hbox (1.02199pt too wide) in paragraph at lines 158--158
\T1/cmr/m/n/12 crack 
 []


Overfull \hbox (2.97989pt too wide) in paragraph at lines 158--158
\T1/cmr/m/n/12 more.  
 []


Overfull \hbox (19.29115pt too wide) in paragraph at lines 158--158
[][][][]\T1/cmr/m/n/12 Injection 
 []


Overfull \hbox (21.90579pt too wide) in paragraph at lines 158--158
\T1/cmr/m/n/12 mould-ing 
 []


Overfull \hbox (5.91249pt too wide) in paragraph at lines 158--158
\T1/cmr/m/n/12 Wider 
 []


Overfull \hbox (6.30823pt too wide) in paragraph at lines 158--158
\T1/cmr/m/n/12 spacer 
 []


Overfull \hbox (18.15121pt too wide) in paragraph at lines 158--158
\T1/cmr/m/n/12 Pre-heat 
 []


Overfull \hbox (6.24297pt too wide) in paragraph at lines 158--158
\T1/cmr/m/n/12 mould 
 []


Overfull \hbox (14.0744pt too wide) in paragraph at lines 158--158
\T1/cmr/m/n/12 ther-mal 
 []


Overfull \hbox (29.08458pt too wide) in paragraph at lines 158--158
\T1/cmr/m/n/12 con-duc-tive 
 []


Overfull \hbox (21.31844pt too wide) in paragraph at lines 158--158
\T1/cmr/m/n/12 ma-te-ri-als 
 []


Overfull \hbox (30.22461pt too wide) in paragraph at lines 158--158
\T1/cmr/m/n/12 (Di-a-mond) 
 []


Overfull \hbox (11.79022pt too wide) in paragraph at lines 158--158
\T1/cmr/m/n/12 bot-tom 
 []


Overfull \hbox (6.24297pt too wide) in paragraph at lines 158--158
\T1/cmr/m/n/12 mould 
 []


Overfull \hbox (10.22389pt too wide) in paragraph at lines 158--158
\T1/cmr/m/n/12 dis-play 
 []


Overfull \hbox (46.20961pt too wide) in paragraph at lines 158--158
\T1/cmr/m/n/12 Boron-Nitrate 
 []


Overfull \hbox (10.48494pt too wide) in paragraph at lines 158--158
\T1/cmr/m/n/12 cool-ing 
 []


Overfull \hbox (4.61142pt too wide) in paragraph at lines 158--158
\T1/cmr/m/n/12 would 
 []


Overfull \hbox (1.02203pt too wide) in paragraph at lines 158--158
\T1/cmr/m/n/12 make 
 []


Overfull \hbox (5.59036pt too wide) in paragraph at lines 158--158
\T1/cmr/m/n/12 longer 
 []


Overfull \hbox (1.02203pt too wide) in paragraph at lines 158--158
\T1/cmr/m/n/12 make 
 []


Overfull \hbox (1.02199pt too wide) in paragraph at lines 158--158
\T1/cmr/m/n/12 crack 
 []


Overfull \hbox (2.97989pt too wide) in paragraph at lines 158--158
\T1/cmr/m/n/12 more.  
 []


Overfull \hbox (19.29115pt too wide) in paragraph at lines 158--158
[][][][]\T1/cmr/m/n/12 Injection 
 []


Overfull \hbox (21.90579pt too wide) in paragraph at lines 158--158
\T1/cmr/m/n/12 mould-ing 
 []


Overfull \hbox (5.91249pt too wide) in paragraph at lines 158--158
\T1/cmr/m/n/12 Wider 
 []


Overfull \hbox (6.30823pt too wide) in paragraph at lines 158--158
\T1/cmr/m/n/12 spacer 
 []


Overfull \hbox (18.15121pt too wide) in paragraph at lines 158--158
\T1/cmr/m/n/12 Pre-heat 
 []


Overfull \hbox (6.24297pt too wide) in paragraph at lines 158--158
\T1/cmr/m/n/12 mould 
 []


Overfull \hbox (14.0744pt too wide) in paragraph at lines 158--158
\T1/cmr/m/n/12 ther-mal 
 []


Overfull \hbox (29.08458pt too wide) in paragraph at lines 158--158
\T1/cmr/m/n/12 con-duc-tive 
 []


Overfull \hbox (21.31844pt too wide) in paragraph at lines 158--158
\T1/cmr/m/n/12 ma-te-ri-als 
 []


Overfull \hbox (30.22461pt too wide) in paragraph at lines 158--158
\T1/cmr/m/n/12 (Di-a-mond) 
 []


Overfull \hbox (11.79022pt too wide) in paragraph at lines 158--158
\T1/cmr/m/n/12 bot-tom 
 []


Overfull \hbox (6.24297pt too wide) in paragraph at lines 158--158
\T1/cmr/m/n/12 mould 
 []


Overfull \hbox (10.22389pt too wide) in paragraph at lines 158--158
\T1/cmr/m/n/12 dis-play 
 []


Overfull \hbox (46.20961pt too wide) in paragraph at lines 158--158
\T1/cmr/m/n/12 Boron-Nitrate 
 []


Overfull \hbox (10.48494pt too wide) in paragraph at lines 158--158
\T1/cmr/m/n/12 cool-ing 
 []


Overfull \hbox (4.61142pt too wide) in paragraph at lines 158--158
\T1/cmr/m/n/12 would 
 []


Overfull \hbox (1.02203pt too wide) in paragraph at lines 158--158
\T1/cmr/m/n/12 make 
 []


Overfull \hbox (5.59036pt too wide) in paragraph at lines 158--158
\T1/cmr/m/n/12 longer 
 []


Overfull \hbox (1.02203pt too wide) in paragraph at lines 158--158
\T1/cmr/m/n/12 make 
 []


Overfull \hbox (1.02199pt too wide) in paragraph at lines 158--158
\T1/cmr/m/n/12 crack 
 []


Overfull \hbox (2.97989pt too wide) in paragraph at lines 158--158
\T1/cmr/m/n/12 more.  
 []


Overfull \hbox (19.29115pt too wide) in paragraph at lines 158--158
[][][][]\T1/cmr/m/n/12 Injection 
 []


Overfull \hbox (21.90579pt too wide) in paragraph at lines 158--158
\T1/cmr/m/n/12 mould-ing 
 []


Overfull \hbox (5.91249pt too wide) in paragraph at lines 158--158
\T1/cmr/m/n/12 Wider 
 []


Overfull \hbox (6.30823pt too wide) in paragraph at lines 158--158
\T1/cmr/m/n/12 spacer 
 []


Overfull \hbox (18.15121pt too wide) in paragraph at lines 158--158
\T1/cmr/m/n/12 Pre-heat 
 []


Overfull \hbox (6.24297pt too wide) in paragraph at lines 158--158
\T1/cmr/m/n/12 mould 
 []


Overfull \hbox (14.0744pt too wide) in paragraph at lines 158--158
\T1/cmr/m/n/12 ther-mal 
 []


Overfull \hbox (29.08458pt too wide) in paragraph at lines 158--158
\T1/cmr/m/n/12 con-duc-tive 
 []


Overfull \hbox (21.31844pt too wide) in paragraph at lines 158--158
\T1/cmr/m/n/12 ma-te-ri-als 
 []


Overfull \hbox (30.22461pt too wide) in paragraph at lines 158--158
\T1/cmr/m/n/12 (Di-a-mond) 
 []


Overfull \hbox (11.79022pt too wide) in paragraph at lines 158--158
\T1/cmr/m/n/12 bot-tom 
 []


Overfull \hbox (6.24297pt too wide) in paragraph at lines 158--158
\T1/cmr/m/n/12 mould 
 []


Overfull \hbox (10.22389pt too wide) in paragraph at lines 158--158
\T1/cmr/m/n/12 dis-play 
 []


Overfull \hbox (46.20961pt too wide) in paragraph at lines 158--158
\T1/cmr/m/n/12 Boron-Nitrate 
 []


Overfull \hbox (10.48494pt too wide) in paragraph at lines 158--158
\T1/cmr/m/n/12 cool-ing 
 []


Overfull \hbox (4.61142pt too wide) in paragraph at lines 158--158
\T1/cmr/m/n/12 would 
 []


Overfull \hbox (1.02203pt too wide) in paragraph at lines 158--158
\T1/cmr/m/n/12 make 
 []


Overfull \hbox (5.59036pt too wide) in paragraph at lines 158--158
\T1/cmr/m/n/12 longer 
 []


Overfull \hbox (1.02203pt too wide) in paragraph at lines 158--158
\T1/cmr/m/n/12 make 
 []


Overfull \hbox (1.02199pt too wide) in paragraph at lines 158--158
\T1/cmr/m/n/12 crack 
 []


Overfull \hbox (2.97989pt too wide) in paragraph at lines 158--158
\T1/cmr/m/n/12 more.  
 []

[2

]
Chapter 1.

Overfull \hbox (19.78271pt too wide) in paragraph at lines 166--166
[][][][]\T1/cmr/m/n/12 Property 
 []


Overfull \hbox (37.89491pt too wide) in paragraph at lines 166--166
\T1/cmr/m/n/12 mod-i-fi-ca-tion 
 []


Overfull \hbox (14.727pt too wide) in paragraph at lines 166--166
\T1/cmr/m/n/12 Coat-ing 
 []


Overfull \hbox (2.56471pt too wide) in paragraph at lines 166--166
\T1/cmr/m/n/12 BMG 
 []


Overfull \hbox (36.0023pt too wide) in paragraph at lines 166--166
\T1/cmr/m/n/12 com-po-si-tion 
 []


Overfull \hbox (14.72697pt too wide) in paragraph at lines 166--166
\T1/cmr/m/n/12 coat-ing. 
 []


Overfull \hbox (16.35855pt too wide) in paragraph at lines 166--166
\T1/cmr/m/n/12 Schluter 
 []


Overfull \hbox (9.58664pt too wide) in paragraph at lines 166--166
\T1/cmr/m/n/12 (Green 
 []


Overfull \hbox (18.3164pt too wide) in paragraph at lines 166--166
\T1/cmr/m/n/12 prop-erty 
 []


Overfull \hbox (45.72632pt too wide) in paragraph at lines 166--166
\T1/cmr/m/n/12 mod-i-fi-ca-tion). 
 []


Overfull \hbox (1.73987pt too wide) in paragraph at lines 166--166
\T1/cmr/m/n/12 films, 
 []


Overfull \hbox (3.9588pt too wide) in paragraph at lines 166--166
\T1/cmr/m/n/12 newly 
 []


Overfull \hbox (26.86569pt too wide) in paragraph at lines 166--166
\T1/cmr/m/n/12 dis-cov-ered 
 []


Overfull \hbox (33.06557pt too wide) in paragraph at lines 166--166
\T1/cmr/m/n/12 ultra-stable 
 []


Overfull \hbox (1.73987pt too wide) in paragraph at lines 166--166
\T1/cmr/m/n/12 films. 
 []


Overfull \hbox (17.6596pt too wide) in paragraph at lines 166--166
\T1/cmr/m/n/12 Mul-ti-ple 
 []


Overfull \hbox (26.86568pt too wide) in paragraph at lines 166--166
\T1/cmr/m/n/12 de-po-si-tion 
 []


Overfull \hbox (17.72905pt too wide) in paragraph at lines 166--166
\T1/cmr/m/n/12 meth-ods 
 []


Overfull \hbox (1.83154pt too wide) in paragraph at lines 166--166
\T1/cmr/m/n/12 PLD, 
 []


Overfull \hbox (30.0594pt too wide) in paragraph at lines 166--166
\T1/cmr/m/n/12 Mag-netron 
 []


Overfull \hbox (23.92891pt too wide) in paragraph at lines 166--166
\T1/cmr/m/n/12 Cor-ro-sion 
 []


Overfull \hbox (29.08046pt too wide) in paragraph at lines 166--166
\T1/cmr/m/n/12 Mel-bourne 
 []


Overfull \hbox (1.02205pt too wide) in paragraph at lines 166--166
\T1/cmr/m/n/12 other 
 []


Overfull \hbox (40.63588pt too wide) in paragraph at lines 166--166
\T1/cmr/m/n/12 com-po-si-tions 
 []


Overfull \hbox (2.97989pt too wide) in paragraph at lines 166--166
\T1/cmr/m/n/12 metal 
 []


Overfull \hbox (13.94383pt too wide) in paragraph at lines 166--166
\T1/cmr/m/n/12 sys-tems 
 []


Overfull \hbox (26.46992pt too wide) in paragraph at lines 166--166
\T1/cmr/m/n/12 Mod-i-fy-ing 
 []


Overfull \hbox (80.3804pt too wide) in paragraph at lines 166--166
\T1/cmr/m/n/12 ma-chines/equipment 
 []


Overfull \hbox (22.36261pt too wide) in paragraph at lines 166--166
\T1/cmr/m/n/12 pur-poses.  
 []


Overfull \hbox (19.78271pt too wide) in paragraph at lines 166--166
[][][][]\T1/cmr/m/n/12 Property 
 []


Overfull \hbox (37.89491pt too wide) in paragraph at lines 166--166
\T1/cmr/m/n/12 mod-i-fi-ca-tion 
 []


Overfull \hbox (14.727pt too wide) in paragraph at lines 166--166
\T1/cmr/m/n/12 Coat-ing 
 []


Overfull \hbox (2.56471pt too wide) in paragraph at lines 166--166
\T1/cmr/m/n/12 BMG 
 []


Overfull \hbox (36.0023pt too wide) in paragraph at lines 166--166
\T1/cmr/m/n/12 com-po-si-tion 
 []


Overfull \hbox (14.72697pt too wide) in paragraph at lines 166--166
\T1/cmr/m/n/12 coat-ing. 
 []


Overfull \hbox (16.35855pt too wide) in paragraph at lines 166--166
\T1/cmr/m/n/12 Schluter 
 []


Overfull \hbox (9.58664pt too wide) in paragraph at lines 166--166
\T1/cmr/m/n/12 (Green 
 []


Overfull \hbox (18.3164pt too wide) in paragraph at lines 166--166
\T1/cmr/m/n/12 prop-erty 
 []


Overfull \hbox (45.72632pt too wide) in paragraph at lines 166--166
\T1/cmr/m/n/12 mod-i-fi-ca-tion). 
 []


Overfull \hbox (1.73987pt too wide) in paragraph at lines 166--166
\T1/cmr/m/n/12 films, 
 []


Overfull \hbox (3.9588pt too wide) in paragraph at lines 166--166
\T1/cmr/m/n/12 newly 
 []


Overfull \hbox (26.86569pt too wide) in paragraph at lines 166--166
\T1/cmr/m/n/12 dis-cov-ered 
 []


Overfull \hbox (33.06557pt too wide) in paragraph at lines 166--166
\T1/cmr/m/n/12 ultra-stable 
 []


Overfull \hbox (1.73987pt too wide) in paragraph at lines 166--166
\T1/cmr/m/n/12 films. 
 []


Overfull \hbox (17.6596pt too wide) in paragraph at lines 166--166
\T1/cmr/m/n/12 Mul-ti-ple 
 []


Overfull \hbox (26.86568pt too wide) in paragraph at lines 166--166
\T1/cmr/m/n/12 de-po-si-tion 
 []


Overfull \hbox (17.72905pt too wide) in paragraph at lines 166--166
\T1/cmr/m/n/12 meth-ods 
 []


Overfull \hbox (1.83154pt too wide) in paragraph at lines 166--166
\T1/cmr/m/n/12 PLD, 
 []


Overfull \hbox (30.0594pt too wide) in paragraph at lines 166--166
\T1/cmr/m/n/12 Mag-netron 
 []


Overfull \hbox (23.92891pt too wide) in paragraph at lines 166--166
\T1/cmr/m/n/12 Cor-ro-sion 
 []


Overfull \hbox (29.08046pt too wide) in paragraph at lines 166--166
\T1/cmr/m/n/12 Mel-bourne 
 []


Overfull \hbox (1.02205pt too wide) in paragraph at lines 166--166
\T1/cmr/m/n/12 other 
 []


Overfull \hbox (40.63588pt too wide) in paragraph at lines 166--166
\T1/cmr/m/n/12 com-po-si-tions 
 []


Overfull \hbox (2.97989pt too wide) in paragraph at lines 166--166
\T1/cmr/m/n/12 metal 
 []


Overfull \hbox (13.94383pt too wide) in paragraph at lines 166--166
\T1/cmr/m/n/12 sys-tems 
 []


Overfull \hbox (26.46992pt too wide) in paragraph at lines 166--166
\T1/cmr/m/n/12 Mod-i-fy-ing 
 []


Overfull \hbox (80.3804pt too wide) in paragraph at lines 166--166
\T1/cmr/m/n/12 ma-chines/equipment 
 []


Overfull \hbox (22.36261pt too wide) in paragraph at lines 166--166
\T1/cmr/m/n/12 pur-poses.  
 []


Overfull \hbox (19.78271pt too wide) in paragraph at lines 166--166
[][][][]\T1/cmr/m/n/12 Property 
 []


Overfull \hbox (37.89491pt too wide) in paragraph at lines 166--166
\T1/cmr/m/n/12 mod-i-fi-ca-tion 
 []


Overfull \hbox (14.727pt too wide) in paragraph at lines 166--166
\T1/cmr/m/n/12 Coat-ing 
 []


Overfull \hbox (2.56471pt too wide) in paragraph at lines 166--166
\T1/cmr/m/n/12 BMG 
 []


Overfull \hbox (36.0023pt too wide) in paragraph at lines 166--166
\T1/cmr/m/n/12 com-po-si-tion 
 []


Overfull \hbox (14.72697pt too wide) in paragraph at lines 166--166
\T1/cmr/m/n/12 coat-ing. 
 []


Overfull \hbox (16.35855pt too wide) in paragraph at lines 166--166
\T1/cmr/m/n/12 Schluter 
 []


Overfull \hbox (9.58664pt too wide) in paragraph at lines 166--166
\T1/cmr/m/n/12 (Green 
 []


Overfull \hbox (18.3164pt too wide) in paragraph at lines 166--166
\T1/cmr/m/n/12 prop-erty 
 []


Overfull \hbox (45.72632pt too wide) in paragraph at lines 166--166
\T1/cmr/m/n/12 mod-i-fi-ca-tion). 
 []


Overfull \hbox (1.73987pt too wide) in paragraph at lines 166--166
\T1/cmr/m/n/12 films, 
 []


Overfull \hbox (3.9588pt too wide) in paragraph at lines 166--166
\T1/cmr/m/n/12 newly 
 []


Overfull \hbox (26.86569pt too wide) in paragraph at lines 166--166
\T1/cmr/m/n/12 dis-cov-ered 
 []


Overfull \hbox (33.06557pt too wide) in paragraph at lines 166--166
\T1/cmr/m/n/12 ultra-stable 
 []


Overfull \hbox (1.73987pt too wide) in paragraph at lines 166--166
\T1/cmr/m/n/12 films. 
 []


Overfull \hbox (17.6596pt too wide) in paragraph at lines 166--166
\T1/cmr/m/n/12 Mul-ti-ple 
 []


Overfull \hbox (26.86568pt too wide) in paragraph at lines 166--166
\T1/cmr/m/n/12 de-po-si-tion 
 []


Overfull \hbox (17.72905pt too wide) in paragraph at lines 166--166
\T1/cmr/m/n/12 meth-ods 
 []


Overfull \hbox (1.83154pt too wide) in paragraph at lines 166--166
\T1/cmr/m/n/12 PLD, 
 []


Overfull \hbox (30.0594pt too wide) in paragraph at lines 166--166
\T1/cmr/m/n/12 Mag-netron 
 []


Overfull \hbox (23.92891pt too wide) in paragraph at lines 166--166
\T1/cmr/m/n/12 Cor-ro-sion 
 []


Overfull \hbox (29.08046pt too wide) in paragraph at lines 166--166
\T1/cmr/m/n/12 Mel-bourne 
 []


Overfull \hbox (1.02205pt too wide) in paragraph at lines 166--166
\T1/cmr/m/n/12 other 
 []


Overfull \hbox (40.63588pt too wide) in paragraph at lines 166--166
\T1/cmr/m/n/12 com-po-si-tions 
 []


Overfull \hbox (2.97989pt too wide) in paragraph at lines 166--166
\T1/cmr/m/n/12 metal 
 []


Overfull \hbox (13.94383pt too wide) in paragraph at lines 166--166
\T1/cmr/m/n/12 sys-tems 
 []


Overfull \hbox (26.46992pt too wide) in paragraph at lines 166--166
\T1/cmr/m/n/12 Mod-i-fy-ing 
 []


Overfull \hbox (80.3804pt too wide) in paragraph at lines 166--166
\T1/cmr/m/n/12 ma-chines/equipment 
 []


Overfull \hbox (22.36261pt too wide) in paragraph at lines 166--166
\T1/cmr/m/n/12 pur-poses.  
 []


Overfull \hbox (19.78271pt too wide) in paragraph at lines 166--166
[][][][]\T1/cmr/m/n/12 Property 
 []


Overfull \hbox (37.89491pt too wide) in paragraph at lines 166--166
\T1/cmr/m/n/12 mod-i-fi-ca-tion 
 []


Overfull \hbox (14.727pt too wide) in paragraph at lines 166--166
\T1/cmr/m/n/12 Coat-ing 
 []


Overfull \hbox (2.56471pt too wide) in paragraph at lines 166--166
\T1/cmr/m/n/12 BMG 
 []


Overfull \hbox (36.0023pt too wide) in paragraph at lines 166--166
\T1/cmr/m/n/12 com-po-si-tion 
 []


Overfull \hbox (14.72697pt too wide) in paragraph at lines 166--166
\T1/cmr/m/n/12 coat-ing. 
 []


Overfull \hbox (16.35855pt too wide) in paragraph at lines 166--166
\T1/cmr/m/n/12 Schluter 
 []


Overfull \hbox (9.58664pt too wide) in paragraph at lines 166--166
\T1/cmr/m/n/12 (Green 
 []


Overfull \hbox (18.3164pt too wide) in paragraph at lines 166--166
\T1/cmr/m/n/12 prop-erty 
 []


Overfull \hbox (45.72632pt too wide) in paragraph at lines 166--166
\T1/cmr/m/n/12 mod-i-fi-ca-tion). 
 []


Overfull \hbox (1.73987pt too wide) in paragraph at lines 166--166
\T1/cmr/m/n/12 films, 
 []


Overfull \hbox (3.9588pt too wide) in paragraph at lines 166--166
\T1/cmr/m/n/12 newly 
 []


Overfull \hbox (26.86569pt too wide) in paragraph at lines 166--166
\T1/cmr/m/n/12 dis-cov-ered 
 []


Overfull \hbox (33.06557pt too wide) in paragraph at lines 166--166
\T1/cmr/m/n/12 ultra-stable 
 []


Overfull \hbox (1.73987pt too wide) in paragraph at lines 166--166
\T1/cmr/m/n/12 films. 
 []


Overfull \hbox (17.6596pt too wide) in paragraph at lines 166--166
\T1/cmr/m/n/12 Mul-ti-ple 
 []


Overfull \hbox (26.86568pt too wide) in paragraph at lines 166--166
\T1/cmr/m/n/12 de-po-si-tion 
 []


Overfull \hbox (17.72905pt too wide) in paragraph at lines 166--166
\T1/cmr/m/n/12 meth-ods 
 []


Overfull \hbox (1.83154pt too wide) in paragraph at lines 166--166
\T1/cmr/m/n/12 PLD, 
 []


Overfull \hbox (30.0594pt too wide) in paragraph at lines 166--166
\T1/cmr/m/n/12 Mag-netron 
 []


Overfull \hbox (23.92891pt too wide) in paragraph at lines 166--166
\T1/cmr/m/n/12 Cor-ro-sion 
 []


Overfull \hbox (29.08046pt too wide) in paragraph at lines 166--166
\T1/cmr/m/n/12 Mel-bourne 
 []


Overfull \hbox (1.02205pt too wide) in paragraph at lines 166--166
\T1/cmr/m/n/12 other 
 []


Overfull \hbox (40.63588pt too wide) in paragraph at lines 166--166
\T1/cmr/m/n/12 com-po-si-tions 
 []


Overfull \hbox (2.97989pt too wide) in paragraph at lines 166--166
\T1/cmr/m/n/12 metal 
 []


Overfull \hbox (13.94383pt too wide) in paragraph at lines 166--166
\T1/cmr/m/n/12 sys-tems 
 []


Overfull \hbox (26.46992pt too wide) in paragraph at lines 166--166
\T1/cmr/m/n/12 Mod-i-fy-ing 
 []


Overfull \hbox (80.3804pt too wide) in paragraph at lines 166--166
\T1/cmr/m/n/12 ma-chines/equipment 
 []


Overfull \hbox (22.36261pt too wide) in paragraph at lines 166--166
\T1/cmr/m/n/12 pur-poses.  
 []


Overfull \hbox (2.72133pt too wide) in paragraph at lines 166--168
\T1/cmr/m/n/12 read-min-is-ter sev-eral times per day or week. Coat-ing phar-ma
-ceu-ti-cals with tai-lored bioab-sorbable
 []

[3

]
Chapter 2.
Requested font "ecrm1728" at 17.28pt
Requested font "ecbx1728" at 17.28pt
Requested font "ecrm1440" at 14.4pt

Overfull \hbox (10.72662pt too wide) in paragraph at lines 179--180
\T1/cmr/m/n/12 elec-tri-cal con-duc-tiv-ity, and low co-ef-fi-cients of fric-ti
on when com-pared with con-ven-tional crys-talline
 []

[4

]

Package hyperref Warning: Token not allowed in a PDF string (Unicode):
(hyperref)                removing `math shift' on input line 187.


Package hyperref Warning: Token not allowed in a PDF string (Unicode):
(hyperref)                removing `subscript' on input line 187.


Package hyperref Warning: Token not allowed in a PDF string (Unicode):
(hyperref)                removing `math shift' on input line 187.

File: ./images/nucleation_free_energy.png Graphic file (type QTm)
<use  "./images/nucleation_free_energy.png" >
Requested font "ecrm1095" at 10.95pt
File: ./images/gibbs_free_energy.png Graphic file (type QTm)

<use  "./images/gibbs_free_energy.png" > [5]
File: ./images/Glass_Cooling_Graph.png Graphic file (type QTm)

<use  "./images/Glass_Cooling_Graph.png" > [6] [7]
LaTeX Font Info:    Try loading font information for OMS+cmr on input line 254.


("C:\Program Files\MiKTeX 2.9\tex\latex\base\omscmr.fd"
File: omscmr.fd 2014/09/29 v2.5h Standard LaTeX font definitions
)
LaTeX Font Info:    Font shape `OMS/cmr/m/n' in size <12> not available
(Font)              Font shape `OMS/cmsy/m/n' tried instead on input line 254.
File: ./images/BMG_Tg_on_Tm_01.png Graphic file (type QTm)

<use  "./images/BMG_Tg_on_Tm_01.png" > [8]
Overfull \hbox (5.90016pt too wide) in paragraph at lines 279--280
[]\T1/cmr/m/n/12 Strip Cast-ing: Molten metal is ex-truded be-tween two wa-ter 
cooled cop-per rollers, pro-duc-ing
 []


Overfull \hbox (25.7786pt too wide) in paragraph at lines 287--288
[]\T1/cmr/m/n/12 The in-tro-duc-tion of this tem-po-rary plas-tic de-for-ma-tio
n mech-a-nism al-lows BMGs to be post-processed
 []

[9]
File: ./images/ProcessingofBMGs.png Graphic file (type QTm)
 <use  "./images/ProcessingofBMGs.png" >
Overfull \hbox (4.39636pt too wide) in paragraph at lines 303--304
\T1/cmr/m/n/12 abil-ity to dra-mat-i-cally im-prov-ing sub-strate prop-er-ties,
 and for the films to of-ten dis-play en-hanced
 []

[10]
File: ./images/ThinFilm.png Graphic file (type QTm)
 <use  "./images/ThinFilm.png" >
File: ./images/PLD_02.png Graphic file (type QTm)
 <use  "./images/PLD_02.png" > [11]
File: ./images/CaoThesis_XRDTarget.png Graphic file (type QTm)

<use  "./images/CaoThesis_XRDTarget.png" > [12]
File: ./images/Sputtering_02.png Graphic file (type QTm)

<use  "./images/Sputtering_02.png" >
File: ./images/Field_Sputtering.png Graphic file (type QTm)
 <use  "./images/Field_Sputtering.png" >
[13]
Overfull \hbox (6.4848pt too wide) in paragraph at lines 370--371
\T1/cmr/m/n/12 ac-com-mo-date low work-ing tem-per-a-tures as the mo-men-tum me
ch-a-nism avoids adding un-nec-es-sary
 []

[14] [15]
Overfull \hbox (30.61452pt too wide) in paragraph at lines 387--388
\T1/cmr/m/n/12 elas-tic mod-u-lus , and al-ways by an en-hanced glass tran-si-t
ion tem-per-a-ture ($\OML/cmm/m/it/12 ^^NT[]$\T1/cmr/m/n/12 ). The $\OML/cmm/m/
it/12 ^^NT[]$  \T1/cmr/m/n/12 phe-nomenon
 []


Overfull \hbox (23.7904pt too wide) in paragraph at lines 387--388
\T1/cmr/m/n/12 nat-u-rally ex-tends to give USGs higher ser-vice tem-per-a-ture
s, and hence higher soft-en-ing tem-per-a-tures
 []


Overfull \hbox (2.46022pt too wide) in paragraph at lines 390--391
\T1/cmr/m/n/12 high den-sity, and pos-sess a high elas-tic mod-u-lus. These ef-
fects can be sig-nif-i-cant as demon-strated
 []


Overfull \hbox (7.26498pt too wide) in paragraph at lines 390--391
\T1/cmr/m/n/12 by Aji, et al. [[]] whom pro-duced ma-te-ri-als with 30% gains i
n elas-tic mod-u-lus and hard-ness. 
 []

[16]
Overfull \hbox (9.11292pt too wide) in paragraph at lines 397--398
[]\T1/cmr/m/n/12 Yu, et al. [[]] has noted that while more com-pli-cated atomic
 struc-tures re-quire higher tem-per-a-tures
 []

File: ./images/Tsub_Yu_SMG.png Graphic file (type QTm)
<use  "./images/Tsub_Yu_SMG.png" >
Overfull \hbox (4.26161pt too wide) in paragraph at lines 410--411
[]\T1/cmr/m/n/12 Additional in-sight into the ther-mo-dy-namic and ki-netic sta
-bil-ity, gen-eral prop-er-ties, and struc-ture
 []


Package hyperref Warning: Token not allowed in a PDF string (Unicode):
(hyperref)                removing `math shift' on input line 412.


Package hyperref Warning: Token not allowed in a PDF string (Unicode):
(hyperref)                removing `subscript' on input line 412.


Package hyperref Warning: Token not allowed in a PDF string (Unicode):
(hyperref)                removing `math shift' on input line 412.

[17] [18]
File: ./images/Kearns_DSC.png Graphic file (type QTm)
 <use  "./images/Kearns_DSC.png" >
File: ./images/Guo_DSC.png Graphic file (type QTm)
 <use  "./images/Guo_DSC.png" >

Package hyperref Warning: Token not allowed in a PDF string (Unicode):
(hyperref)                removing `math shift' on input line 442.


Package hyperref Warning: Token not allowed in a PDF string (Unicode):
(hyperref)                removing `subscript' on input line 442.


Package hyperref Warning: Token not allowed in a PDF string (Unicode):
(hyperref)                removing `math shift' on input line 442.

[19] [20]
File: ./images/Tk_Graph_Simple_02.png Graphic file (type QTm)
 <use  "./images/Tk_Graph_Simple_02.png" > [21]
File: ./images/ShelbyFragilityPlot.png Graphic file (type QTm)

<use  "./images/ShelbyFragilityPlot.png" >
File: ./images/YuMTg.png Graphic file (type QTm)
 <use  "./images/YuMTg.png" >

Package hyperref Warning: Token not allowed in a PDF string (Unicode):
(hyperref)                removing `math shift' on input line 497.


Package hyperref Warning: Token not allowed in a PDF string (Unicode):
(hyperref)                removing `\rho' on input line 497.


Package hyperref Warning: Token not allowed in a PDF string (Unicode):
(hyperref)                removing `math shift' on input line 497.

[22] [23]
File: ./images/Density_Vs_Tsub_Ishii.png Graphic file (type QTm)
 <use  "./images/Density_Vs_Tsub_Ishii.png" >
File: ./images/IshiiMTg.png Graphic file (type QTm)

<use  "./images/IshiiMTg.png" > [24] [25]
Overfull \hbox (1.51111pt too wide) in paragraph at lines 544--545
[]\T1/cmr/m/n/12 Investigation has iden-ti-fied po-ten-tial is-sues and chal-le
nges with the demon-strated PVD pres-sures
 []

[26] [27]
Requested font "ecti1200" at 12.0pt
 [28]
Overfull \hbox (10.65736pt too wide) in paragraph at lines 584--585
[]\T1/cmr/m/n/12 Ideally es-sen-tial metal-lic el-e-ment biodegrad-able al-loys
 are de-signed to un-dergo con-trolled cor-ro-sion
 []

[29]
Overfull \hbox (14.51196pt too wide) in paragraph at lines 589--590
[]\T1/cmr/m/n/12 The ki-net-ics of the cor-ro-sion re-ac-tion act-ing upon a sp
ec-i-men can be mea-sured via po-ten-tio-dy-namic
 []


Overfull \hbox (7.66507pt too wide) in paragraph at lines 600--601
[]\T1/cmr/m/n/12 Where $\OML/cmm/m/it/12 ^^L$ \T1/cmr/m/n/12 is the Tafel slope
, $\OML/cmm/m/it/12 i$ \T1/cmr/m/n/12 the ap-plied cur-rent den-sity, and $\OML
/cmm/m/it/12 i[]$ \T1/cmr/m/n/12 the ex-change cur-rent den-sity. 
 []

[30]
File: ./images/Enos_TafelPlot.png Graphic file (type QTm)
 <use  "./images/Enos_TafelPlot.png" >
Overfull \hbox (0.1109pt too wide) in paragraph at lines 615--616
\T1/cmr/m/n/12 im-plants be-ing pre-ma-turely re-moved [[]]. The cause of these
 crit-i-cal fail-ures were soon iden-ti-fied
 []

[31]
File: ./images/ZbergHydrogen.png Graphic file (type QTm)
 <use  "./images/ZbergHydrogen.png" > [32] [33] [34]
Chapter 3.
File: ./images/ChargeSheet.png Graphic file (type QTm)
<use  "./images/ChargeSheet.png" > [35

]
File: ./images/CruciblePlateRiserRoughtarget.png Graphic file (type QTm)

<use  "./images/CruciblePlateRiserRoughtarget.png" > [36] [37]
Overfull \hbox (5.62335pt too wide) in paragraph at lines 709--710
[]\T1/cmr/m/n/12 The ini-tial TFMG sput-ter-ing pa-ram-e-ters will be based on 
Liu, et al. [[]] work on Zr$[]$Cu$[]$Ni$[]$Al$[]$
 []


Overfull \hbox (22.50867pt too wide) in paragraph at lines 714--727
 [][] 
 []

[38] [39]
Chapter 4.
[40

]
File: ./images/T1_Curve2_Test2+Correction_20kmin_MgZnCa_301014.png Graphic file
 (type QTm)
 <use  "./images/T1_Curve2_Test2+Correction_20kmin_MgZnCa_301014.png" >
[41] [42]
Chapter 5.
("ScottGleason PhDThesis.bbl" [43

]
Chapter 6.
Missing character: There is no  in font ecrm1200!
[44

]
Underfull \hbox (badness 1062) in paragraph at lines 66--70
[]\T1/cmr/m/n/12 Bruno Zberg, Pe-ter J Ug-gow-itzer, and Jrg F Lf-fler.  Mgzn
ca glasses with-out
 []


Underfull \hbox (badness 1946) in paragraph at lines 78--82
[]\T1/cmr/m/n/12 R. Paris.  Sur les al-liages ter-naires magnsium-zinc-calcium
.  \T1/cmr/m/it/12 Comptes Ren-dus
 []

Missing character: There is no  in font ecrm1200!
Missing character: There is no  in font ecrm1200!
Missing character: There is no  in font ecrm1200!
Missing character: There is no  in font ecrm1200!
Missing character: There is no  in font ecrm1200!
Missing character: There is no  in font ecrm1200!
Missing character: There is no  in font ecrm1200!
[45]
Missing character: There is no  in font ecrm1200!
Missing character: There is no  in font ecrm1200!
Missing character: There is no  in font ecrm1200!
Missing character: There is no  in font ecrm1200!
Missing character: There is no  in font ecrm1200!
Missing character: There is no  in font ecrm1200!
Missing character: There is no  in font ecrm1200!

Underfull \hbox (badness 1117) in paragraph at lines 195--199
[]\T1/cmr/m/n/12 Katsuyoshi Kon-doh, Ken-shi Kawa-bata, Tadashi Serikawa, and H
isamichi Kimura.
 []

Missing character: There is no  in font ecrm1200!
[46]
Missing character: There is no  in font ecrm1200!
Missing character: There is no  in font ecrm1200!
Missing character: There is no  in font ecrm1200!
Missing character: There is no  in font ecrm1200!
Missing character: There is no  in font ecrm1200!
 [47]) [48]
Chapter 7.
[49

]
File: ./images/MgZnCa300CPhaseDiagram_SprMats.png Graphic file (type QTm)
 <use  "./images/MgZnCa300CPhaseDiagram_SprMats.png" >

LaTeX Warning: `h' float specifier changed to `ht'.

File: ./images/MgZnCaLiquidPhase_SprMats.png Graphic file (type QTm)
<use  "./images/MgZnCaLiquidPhase_SprMats.png" >
Overfull \hbox (6.86794pt too wide) in paragraph at lines 924--948
 [][] 
 []


LaTeX Warning: `h' float specifier changed to `ht'.

File: ./images/Mg72-XZn24+XCa4.png Graphic file (type QTm)
<use  "./images/Mg72-XZn24+XCa4.png" >
File: ./images/Mg70-XZn24+XCa6.png Graphic file (type QTm)
 <use  "./images/Mg70-XZn24+XCa6.png" >
File: ./images/Mg75-XZn20+XCa5.png Graphic file (type QTm)

<use  "./images/Mg75-XZn20+XCa5.png" > [50] [51] [52]
Package atveryend Info: Empty hook `BeforeClearDocument' on input line 978.
 [53]
Package atveryend Info: Empty hook `AfterLastShipout' on input line 978.

("ScottGleason PhDThesis.aux")
Package atveryend Info: Empty hook `AtVeryEndDocument' on input line 978.
Package atveryend Info: Empty hook `AtEndAfterFileList' on input line 978.


LaTeX Warning: There were multiply-defined labels.

Package atveryend Info: Empty hook `AtVeryVeryEnd' on input line 978.
 ) 
Here is how much of TeX's memory you used:
 39708 strings out of 428755
 857228 string characters out of 3164221
 1007769 words of memory out of 3000000
 42493 multiletter control sequences out of 15000+200000
 18462 words of font info for 50 fonts, out of 3000000 for 9000
 1096 hyphenation exceptions out of 8191
 62i,10n,77p,10384b,720s stack positions out of 5000i,500n,10000p,200000b,50000s

Output written on ScottGleason PhDThesis.pdf (61 pages).
