\BOOKMARK [0][-]{chapter*.1}{CERTIFICATE OF ORIGINALITY}{}% 1
\BOOKMARK [0][-]{chapter*.2}{ACKNOWLEDGEMENTS}{}% 2
\BOOKMARK [0][-]{chapter*.3}{ABSTRACT}{}% 3
\BOOKMARK [0][-]{chapter*.6}{TABLE OF CONTENTS}{}% 4
\BOOKMARK [0][-]{chapter*.7}{LIST OF FIGURES}{}% 5
\BOOKMARK [0][-]{chapter*.8}{LIST OF TABLES}{}% 6
\BOOKMARK [0][-]{chapter.1}{INTRODUCTION}{}% 7
\BOOKMARK [0][-]{chapter.2}{LITERATURE SURVEY}{}% 8
\BOOKMARK [1][-]{section.2.1}{Metallic Glasses \(MGs\)}{chapter.2}% 9
\BOOKMARK [2][-]{subsection.2.1.1}{Introduction}{section.2.1}% 10
\BOOKMARK [2][-]{subsection.2.1.2}{Metallic Glass \(MG\) Properties}{section.2.1}% 11
\BOOKMARK [2][-]{subsection.2.1.3}{Metallic Glass \(MG\) Production}{section.2.1}% 12
\BOOKMARK [3][-]{subsubsection.2.1.3.1}{Glass Formation from the Liquid State}{subsection.2.1.3}% 13
\BOOKMARK [3][-]{subsubsection.2.1.3.2}{Glass Forming Ability \(GFA\) and Bulk Metallic Glasses \(BMGs\)}{subsection.2.1.3}% 14
\BOOKMARK [3][-]{subsubsection.2.1.3.3}{BMG Production Methods}{subsection.2.1.3}% 15
\BOOKMARK [3][-]{subsubsection.2.1.3.4}{BMG Secondary Processing}{subsection.2.1.3}% 16
\BOOKMARK [1][-]{section.2.2}{Thin Films}{chapter.2}% 17
\BOOKMARK [2][-]{subsection.2.2.1}{Introduction}{section.2.2}% 18
\BOOKMARK [2][-]{subsection.2.2.2}{Thin Film Properties}{section.2.2}% 19
\BOOKMARK [2][-]{subsection.2.2.3}{Production by Deposition}{section.2.2}% 20
\BOOKMARK [2][-]{subsection.2.2.4}{Pulsed Laser Deposition \(PLD\)}{section.2.2}% 21
\BOOKMARK [3][-]{subsubsection.2.2.4.1}{PLD Advantages}{subsection.2.2.4}% 22
\BOOKMARK [3][-]{subsubsection.2.2.4.2}{PLD Challenges}{subsection.2.2.4}% 23
\BOOKMARK [2][-]{subsection.2.2.5}{Sputtering Deposition}{section.2.2}% 24
\BOOKMARK [3][-]{subsubsection.2.2.5.1}{Direct Current \(DC\) Sputtering}{subsection.2.2.5}% 25
\BOOKMARK [3][-]{subsubsection.2.2.5.2}{Magnetron Sputtering}{subsection.2.2.5}% 26
\BOOKMARK [3][-]{subsubsection.2.2.5.3}{Sputtering Advantages}{subsection.2.2.5}% 27
\BOOKMARK [3][-]{subsubsection.2.2.5.4}{Sputtering Challenges}{subsection.2.2.5}% 28
\BOOKMARK [2][-]{subsection.2.2.6}{Preferred PVD Methods}{section.2.2}% 29
\BOOKMARK [1][-]{section.2.3}{Ultrastable Glass \(USG\)}{chapter.2}% 30
\BOOKMARK [2][-]{subsection.2.3.1}{Introduction}{section.2.3}% 31
\BOOKMARK [2][-]{subsection.2.3.2}{USG General Properties and Development}{section.2.3}% 32
\BOOKMARK [2][-]{subsection.2.3.3}{USG Production}{section.2.3}% 33
\BOOKMARK [2][-]{subsection.2.3.4}{Ultrastable Metallic Glass \(SMG\) Characterisation}{section.2.3}% 34
\BOOKMARK [3][-]{subsubsection.2.3.4.1}{Fictive Temperature \(Tf\), Kinetic Stability and Enthalpy by Differential Scanning Calorimetry \(DSC\)}{subsection.2.3.4}% 35
\BOOKMARK [3][-]{subsubsection.2.3.4.2}{The Theoretical Entropy Limit of Glasses and the Kauzmann Temperature \(Tk\)}{subsection.2.3.4}% 36
\BOOKMARK [3][-]{subsubsection.2.3.4.3}{Glass Fragility \(m\)}{subsection.2.3.4}% 37
\BOOKMARK [3][-]{subsubsection.2.3.4.4}{Glass Density \(\)}{subsection.2.3.4}% 38
\BOOKMARK [3][-]{subsubsection.2.3.4.5}{Indentation Modulus \(M\)}{subsection.2.3.4}% 39
\BOOKMARK [2][-]{subsection.2.3.5}{SMG Structure, Medium Range Order \(MRO\)}{section.2.3}% 40
\BOOKMARK [2][-]{subsection.2.3.6}{Potential SMG Challenges}{section.2.3}% 41
\BOOKMARK [2][-]{subsection.2.3.7}{Thin Film Testing Methods}{section.2.3}% 42
\BOOKMARK [3][-]{subsubsection.2.3.7.1}{Adhesion}{subsection.2.3.7}% 43
\BOOKMARK [1][-]{section.2.4}{Biomedical Materials}{chapter.2}% 44
\BOOKMARK [2][-]{subsection.2.4.1}{Introduction}{section.2.4}% 45
\BOOKMARK [2][-]{subsection.2.4.2}{Biomaterial Requirements}{section.2.4}% 46
\BOOKMARK [3][-]{subsubsection.2.4.2.1}{Current Metallic Biomaterials}{subsection.2.4.2}% 47
\BOOKMARK [3][-]{subsubsection.2.4.2.2}{Metallic Biochemistry}{subsection.2.4.2}% 48
\BOOKMARK [2][-]{subsection.2.4.3}{Degradation of Biomaterials}{section.2.4}% 49
\BOOKMARK [3][-]{subsubsection.2.4.3.1}{Basic Theory of Corrosion and Its Measurement}{subsection.2.4.3}% 50
\BOOKMARK [3][-]{subsubsection.2.4.3.2}{Mg Hydrogen Evolution}{subsection.2.4.3}% 51
\BOOKMARK [3][-]{subsubsection.2.4.3.3}{Pitting Corrosion}{subsection.2.4.3}% 52
\BOOKMARK [2][-]{subsection.2.4.4}{Anti-biotic Scaffolds}{section.2.4}% 53
\BOOKMARK [0][-]{chapter.3}{EXPERIMENTAL PROCEDURE}{}% 54
\BOOKMARK [1][-]{section.3.1}{Semi-Crystalline Target Manufacture}{chapter.3}% 55
\BOOKMARK [2][-]{subsection.3.1.1}{Base Elements}{section.3.1}% 56
\BOOKMARK [2][-]{subsection.3.1.2}{Induction Furnace Melting}{section.3.1}% 57
\BOOKMARK [3][-]{subsubsection.3.1.2.1}{Induction Furnace Equipment}{subsection.3.1.2}% 58
\BOOKMARK [3][-]{subsubsection.3.1.2.2}{Crucibles}{subsection.3.1.2}% 59
\BOOKMARK [3][-]{subsubsection.3.1.2.3}{Melt Cycle}{subsection.3.1.2}% 60
\BOOKMARK [3][-]{subsubsection.3.1.2.4}{Gravity Casting}{subsection.3.1.2}% 61
\BOOKMARK [2][-]{subsection.3.1.3}{Final Shaping}{section.3.1}% 62
\BOOKMARK [3][-]{subsubsection.3.1.3.1}{Riser Removal}{subsection.3.1.3}% 63
\BOOKMARK [3][-]{subsubsection.3.1.3.2}{Target Extraction}{subsection.3.1.3}% 64
\BOOKMARK [3][-]{subsubsection.3.1.3.3}{Target Rounding}{subsection.3.1.3}% 65
\BOOKMARK [3][-]{subsubsection.3.1.3.4}{Target Polishing}{subsection.3.1.3}% 66
\BOOKMARK [1][-]{section.3.2}{Crystalline Target Manufacture}{chapter.3}% 67
\BOOKMARK [2][-]{subsection.3.2.1}{Induction Furnace Melting}{section.3.2}% 68
\BOOKMARK [3][-]{subsubsection.3.2.1.1}{Melt Cycle}{subsection.3.2.1}% 69
\BOOKMARK [3][-]{subsubsection.3.2.1.2}{Gravity Casting}{subsection.3.2.1}% 70
\BOOKMARK [2][-]{subsection.3.2.2}{Final Shaping}{section.3.2}% 71
\BOOKMARK [3][-]{subsubsection.3.2.2.1}{Sectioning of Targets}{subsection.3.2.2}% 72
\BOOKMARK [3][-]{subsubsection.3.2.2.2}{Target Rounding}{subsection.3.2.2}% 73
\BOOKMARK [3][-]{subsubsection.3.2.2.3}{Target Polishing}{subsection.3.2.2}% 74
\BOOKMARK [1][-]{section.3.3}{DC Magnetron Sputtering}{chapter.3}% 75
\BOOKMARK [2][-]{subsection.3.3.1}{DC Magnetron Sputtering Equipment}{section.3.3}% 76
\BOOKMARK [2][-]{subsection.3.3.2}{Depostion of Thin Films}{section.3.3}% 77
\BOOKMARK [2][-]{subsection.3.3.3}{Target Lifespan}{section.3.3}% 78
\BOOKMARK [1][-]{section.3.4}{Examined Substrates}{chapter.3}% 79
\BOOKMARK [2][-]{subsection.3.4.1}{Silicon Wafer Substrate}{section.3.4}% 80
\BOOKMARK [2][-]{subsection.3.4.2}{Water Soluble Substrate}{section.3.4}% 81
\BOOKMARK [2][-]{subsection.3.4.3}{BMG Substrate}{section.3.4}% 82
\BOOKMARK [2][-]{subsection.3.4.4}{Polycaprolactone \(PCL\) Scaffolds}{section.3.4}% 83
\BOOKMARK [1][-]{section.3.5}{Thin Film Characterisation}{chapter.3}% 84
\BOOKMARK [2][-]{subsection.3.5.1}{Physical and Chemical Properties}{section.3.5}% 85
\BOOKMARK [2][-]{subsection.3.5.2}{Quality of Deposition}{section.3.5}% 86
\BOOKMARK [2][-]{subsection.3.5.3}{Biocompatibility and Bioabsorption}{section.3.5}% 87
\BOOKMARK [0][-]{chapter.4}{RESULTS AND DISCUSSION}{}% 88
\BOOKMARK [1][-]{section.4.1}{Targets}{chapter.4}% 89
\BOOKMARK [2][-]{subsection.4.1.1}{Target Manufacture}{section.4.1}% 90
\BOOKMARK [2][-]{subsection.4.1.2}{Target Bulk Properties}{section.4.1}% 91
\BOOKMARK [3][-]{subsubsection.4.1.2.1}{Hardness}{subsection.4.1.2}% 92
\BOOKMARK [3][-]{subsubsection.4.1.2.2}{Long Term Storage}{subsection.4.1.2}% 93
\BOOKMARK [2][-]{subsection.4.1.3}{Target Strucutre}{section.4.1}% 94
\BOOKMARK [3][-]{subsubsection.4.1.3.1}{Differential Scanning Calorimetry \(DSC\)}{subsection.4.1.3}% 95
\BOOKMARK [3][-]{subsubsection.4.1.3.2}{X-Ray Diffraction \(XRD\)}{subsection.4.1.3}% 96
\BOOKMARK [3][-]{subsubsection.4.1.3.3}{Scanning Electron Microscopy \(SEM\)}{subsection.4.1.3}% 97
\BOOKMARK [2][-]{subsection.4.1.4}{Target Composition}{section.4.1}% 98
\BOOKMARK [3][-]{subsubsection.4.1.4.1}{Inductively Coupled Plasma Mass Spectrometry \(ICP\)}{subsection.4.1.4}% 99
\BOOKMARK [3][-]{subsubsection.4.1.4.2}{Energy-Dispersive X-Ray Spectroscopy \(EDS\)}{subsection.4.1.4}% 100
\BOOKMARK [1][-]{section.4.2}{DC Magnetron Sputtering}{chapter.4}% 101
\BOOKMARK [0][-]{chapter.5}{SUMMARY AND CONCLUSIONS}{}% 102
\BOOKMARK [0][-]{chapter.6}{BIBLIOGRAPHY}{}% 103
\BOOKMARK [0][-]{chapter.7}{APPENDICES}{}% 104
\BOOKMARK [1][-]{section.7.1}{MgZnCa Binary Phases}{chapter.7}% 105
\BOOKMARK [1][-]{section.7.2}{MgZnCa Ternary Phases}{chapter.7}% 106
\BOOKMARK [0][-]{section*.99}{GLOSSARY}{}% 107
